

Microchip MPLAB XC8 Assembler V2.45 build 20230818022343 
                                                                                               Thu Dec 21 16:11:47 2023

Microchip MPLAB XC8 C Compiler v2.45 (Free license) build 20230818022343 Og1 
     1                           	processor	16F877A
     2                           	pagewidth 120
     3                           	opt	flic
     4                           	psect	idataCOMMON,global,class=CODE,delta=2,noexec
     5                           	psect	idataBANK0,global,class=CODE,delta=2,noexec
     6                           	psect	cinit,global,class=CODE,merge=1,delta=2
     7                           	psect	dataCOMMON,global,class=COMMON,space=1,delta=1,noexec
     8                           	psect	bssBANK0,global,class=BANK0,space=1,delta=1,noexec
     9                           	psect	dataBANK0,global,class=BANK0,space=1,delta=1,noexec
    10                           	psect	inittext,global,class=CODE,delta=2
    11                           	psect	cstackCOMMON,global,class=COMMON,space=1,delta=1,noexec
    12                           	psect	cstackBANK0,global,class=BANK0,space=1,delta=1,noexec
    13                           	psect	maintext,global,class=CODE,split=1,delta=2
    14                           	psect	text1,local,class=CODE,merge=1,delta=2
    15                           	psect	text2,local,class=CODE,merge=1,delta=2
    16                           	psect	text3,local,class=CODE,merge=1,delta=2
    17                           	psect	text4,local,class=CODE,merge=1,delta=2
    18                           	psect	text5,local,class=CODE,merge=1,delta=2
    19                           	psect	text6,local,class=CODE,merge=1,delta=2,group=1
    20                           	psect	text7,local,class=CODE,merge=1,delta=2,group=1
    21                           	psect	idloc,global,abs,ovrld,class=IDLOC,space=5,delta=2,noexec
    22                           	psect	config,global,abs,ovrld,class=CONFIG,space=4,delta=2,noexec
    23                           	dabs	1,0x7E,2
    24     0000                     
    25                           ; Version 2.20
    26                           ; Generated 12/02/2020 GMT
    27                           ; 
    28                           ; Copyright © 2020, Microchip Technology Inc. and its subsidiaries ("Microchip")
    29                           ; All rights reserved.
    30                           ; 
    31                           ; This software is developed by Microchip Technology Inc. and its subsidiaries ("Microch
      +                          ip").
    32                           ; 
    33                           ; Redistribution and use in source and binary forms, with or without modification, are
    34                           ; permitted provided that the following conditions are met:
    35                           ; 
    36                           ;     1. Redistributions of source code must retain the above copyright notice, this lis
      +                          t of
    37                           ;        conditions and the following disclaimer.
    38                           ; 
    39                           ;     2. Redistributions in binary form must reproduce the above copyright notice, this 
      +                          list
    40                           ;        of conditions and the following disclaimer in the documentation and/or other
    41                           ;        materials provided with the distribution.
    42                           ; 
    43                           ;     3. Microchip's name may not be used to endorse or promote products derived from th
      +                          is
    44                           ;        software without specific prior written permission.
    45                           ; 
    46                           ; THIS SOFTWARE IS PROVIDED BY MICROCHIP "AS IS" AND ANY EXPRESS OR IMPLIED WARRANTIES,
    47                           ; INCLUDING, BUT NOT LIMITED TO, THE IMPLIED WARRANTIES OF MERCHANTABILITY AND FITNESS F
      +                          OR
    48                           ; PURPOSE ARE DISCLAIMED.  IN NO EVENT SHALL MICROCHIP BE LIABLE FOR ANY DIRECT, INDIREC
      +                          T,
    49                           ; INCIDENTAL, SPECIAL, EXEMPLARY, OR CONSEQUENTIAL DAMAGES (INCLUDING BUT NOT LIMITED TO
    50                           ; PROCUREMENT OF SUBSTITUTE GOODS OR SERVICES; LOSS OF USE, DATA OR PROFITS; OR BUSINESS
    51                           ; INTERRUPTION) HOWSOEVER CAUSED AND ON ANY THEORY OF LIABILITY, WHETHER IN CONTRACT, ST
      +                          RICT
    52                           ; LIABILITY, OR TORT (INCLUDING NEGLIGENCE OR OTHERWISE) ARISING IN ANY WAY OUT OF THE U
      +                          SE OF
    53                           ; THIS SOFTWARE, EVEN IF ADVISED OF THE POSSIBILITY OF SUCH DAMAGE.
    54                           ; 
    55                           ; 
    56                           ; Code-generator required, PIC16F877A Definitions
    57                           ; 
    58                           ; SFR Addresses
    59     0000                     	;# 
    60     0001                     	;# 
    61     0002                     	;# 
    62     0003                     	;# 
    63     0004                     	;# 
    64     0005                     	;# 
    65     0006                     	;# 
    66     0007                     	;# 
    67     0008                     	;# 
    68     0009                     	;# 
    69     000A                     	;# 
    70     000B                     	;# 
    71     000C                     	;# 
    72     000D                     	;# 
    73     000E                     	;# 
    74     000E                     	;# 
    75     000F                     	;# 
    76     0010                     	;# 
    77     0011                     	;# 
    78     0012                     	;# 
    79     0013                     	;# 
    80     0014                     	;# 
    81     0015                     	;# 
    82     0015                     	;# 
    83     0016                     	;# 
    84     0017                     	;# 
    85     0018                     	;# 
    86     0019                     	;# 
    87     001A                     	;# 
    88     001B                     	;# 
    89     001B                     	;# 
    90     001C                     	;# 
    91     001D                     	;# 
    92     001E                     	;# 
    93     001F                     	;# 
    94     0081                     	;# 
    95     0085                     	;# 
    96     0086                     	;# 
    97     0087                     	;# 
    98     0088                     	;# 
    99     0089                     	;# 
   100     008C                     	;# 
   101     008D                     	;# 
   102     008E                     	;# 
   103     0091                     	;# 
   104     0092                     	;# 
   105     0093                     	;# 
   106     0094                     	;# 
   107     0098                     	;# 
   108     0099                     	;# 
   109     009C                     	;# 
   110     009D                     	;# 
   111     009E                     	;# 
   112     009F                     	;# 
   113     010C                     	;# 
   114     010D                     	;# 
   115     010E                     	;# 
   116     010F                     	;# 
   117     018C                     	;# 
   118     018D                     	;# 
   119     0000                     	;# 
   120     0001                     	;# 
   121     0002                     	;# 
   122     0003                     	;# 
   123     0004                     	;# 
   124     0005                     	;# 
   125     0006                     	;# 
   126     0007                     	;# 
   127     0008                     	;# 
   128     0009                     	;# 
   129     000A                     	;# 
   130     000B                     	;# 
   131     000C                     	;# 
   132     000D                     	;# 
   133     000E                     	;# 
   134     000E                     	;# 
   135     000F                     	;# 
   136     0010                     	;# 
   137     0011                     	;# 
   138     0012                     	;# 
   139     0013                     	;# 
   140     0014                     	;# 
   141     0015                     	;# 
   142     0015                     	;# 
   143     0016                     	;# 
   144     0017                     	;# 
   145     0018                     	;# 
   146     0019                     	;# 
   147     001A                     	;# 
   148     001B                     	;# 
   149     001B                     	;# 
   150     001C                     	;# 
   151     001D                     	;# 
   152     001E                     	;# 
   153     001F                     	;# 
   154     0081                     	;# 
   155     0085                     	;# 
   156     0086                     	;# 
   157     0087                     	;# 
   158     0088                     	;# 
   159     0089                     	;# 
   160     008C                     	;# 
   161     008D                     	;# 
   162     008E                     	;# 
   163     0091                     	;# 
   164     0092                     	;# 
   165     0093                     	;# 
   166     0094                     	;# 
   167     0098                     	;# 
   168     0099                     	;# 
   169     009C                     	;# 
   170     009D                     	;# 
   171     009E                     	;# 
   172     009F                     	;# 
   173     010C                     	;# 
   174     010D                     	;# 
   175     010E                     	;# 
   176     010F                     	;# 
   177     018C                     	;# 
   178     018D                     	;# 
   179     0000                     	;# 
   180     0001                     	;# 
   181     0002                     	;# 
   182     0003                     	;# 
   183     0004                     	;# 
   184     0005                     	;# 
   185     0006                     	;# 
   186     0007                     	;# 
   187     0008                     	;# 
   188     0009                     	;# 
   189     000A                     	;# 
   190     000B                     	;# 
   191     000C                     	;# 
   192     000D                     	;# 
   193     000E                     	;# 
   194     000E                     	;# 
   195     000F                     	;# 
   196     0010                     	;# 
   197     0011                     	;# 
   198     0012                     	;# 
   199     0013                     	;# 
   200     0014                     	;# 
   201     0015                     	;# 
   202     0015                     	;# 
   203     0016                     	;# 
   204     0017                     	;# 
   205     0018                     	;# 
   206     0019                     	;# 
   207     001A                     	;# 
   208     001B                     	;# 
   209     001B                     	;# 
   210     001C                     	;# 
   211     001D                     	;# 
   212     001E                     	;# 
   213     001F                     	;# 
   214     0081                     	;# 
   215     0085                     	;# 
   216     0086                     	;# 
   217     0087                     	;# 
   218     0088                     	;# 
   219     0089                     	;# 
   220     008C                     	;# 
   221     008D                     	;# 
   222     008E                     	;# 
   223     0091                     	;# 
   224     0092                     	;# 
   225     0093                     	;# 
   226     0094                     	;# 
   227     0098                     	;# 
   228     0099                     	;# 
   229     009C                     	;# 
   230     009D                     	;# 
   231     009E                     	;# 
   232     009F                     	;# 
   233     010C                     	;# 
   234     010D                     	;# 
   235     010E                     	;# 
   236     010F                     	;# 
   237     018C                     	;# 
   238     018D                     	;# 
   239     0000                     	;# 
   240     0001                     	;# 
   241     0002                     	;# 
   242     0003                     	;# 
   243     0004                     	;# 
   244     0005                     	;# 
   245     0006                     	;# 
   246     0007                     	;# 
   247     0008                     	;# 
   248     0009                     	;# 
   249     000A                     	;# 
   250     000B                     	;# 
   251     000C                     	;# 
   252     000D                     	;# 
   253     000E                     	;# 
   254     000E                     	;# 
   255     000F                     	;# 
   256     0010                     	;# 
   257     0011                     	;# 
   258     0012                     	;# 
   259     0013                     	;# 
   260     0014                     	;# 
   261     0015                     	;# 
   262     0015                     	;# 
   263     0016                     	;# 
   264     0017                     	;# 
   265     0018                     	;# 
   266     0019                     	;# 
   267     001A                     	;# 
   268     001B                     	;# 
   269     001B                     	;# 
   270     001C                     	;# 
   271     001D                     	;# 
   272     001E                     	;# 
   273     001F                     	;# 
   274     0081                     	;# 
   275     0085                     	;# 
   276     0086                     	;# 
   277     0087                     	;# 
   278     0088                     	;# 
   279     0089                     	;# 
   280     008C                     	;# 
   281     008D                     	;# 
   282     008E                     	;# 
   283     0091                     	;# 
   284     0092                     	;# 
   285     0093                     	;# 
   286     0094                     	;# 
   287     0098                     	;# 
   288     0099                     	;# 
   289     009C                     	;# 
   290     009D                     	;# 
   291     009E                     	;# 
   292     009F                     	;# 
   293     010C                     	;# 
   294     010D                     	;# 
   295     010E                     	;# 
   296     010F                     	;# 
   297     018C                     	;# 
   298     018D                     	;# 
   299                           
   300                           	psect	idataCOMMON
   301     05B8                     __pidataCOMMON:
   302                           
   303                           ;initializer for read_digital_keypad@once
   304     05B8  3401               	retlw	1
   305                           
   306                           	psect	idataBANK0
   307     05D6                     __pidataBANK0:
   308                           
   309                           ;initializer for main@F990
   310     05D6  343F               	retlw	63
   311     05D7  3406               	retlw	6
   312     05D8  345B               	retlw	91
   313     05D9  344F               	retlw	79
   314     05DA  3466               	retlw	102
   315     05DB  346D               	retlw	109
   316     05DC  347D               	retlw	125
   317     05DD  3407               	retlw	7
   318     05DE  347F               	retlw	127
   319     05DF  346F               	retlw	111
   320                           
   321                           ;initializer for main@F988
   322     05E0  343F               	retlw	63
   323     05E1  343F               	retlw	63
   324     05E2  343F               	retlw	63
   325     05E3  343F               	retlw	63
   326                           
   327                           ;initializer for main@flag
   328     05E4  3401               	retlw	1
   329     05E5  3400               	retlw	0
   330     0006                     _PORTB	set	6
   331     0008                     _PORTD	set	8
   332     0005                     _PORTA	set	5
   333     0086                     _TRISB	set	134
   334     0085                     _TRISA	set	133
   335     0088                     _TRISD	set	136
   336                           
   337                           	psect	cinit
   338     07E2                     start_initialization:	
   339                           ; #config settings
   340                           
   341     07E2                     __initialization:
   342                           
   343                           ; Initialize objects allocated to BANK0
   344     07E2  1383               	bcf	3,7	;select IRP bank0
   345     07E3  3043               	movlw	low (__pdataBANK0+16)
   346     07E4  00FD               	movwf	btemp+-1
   347     07E5  3005               	movlw	high __pidataBANK0
   348     07E6  00FE               	movwf	btemp
   349     07E7  30D6               	movlw	low __pidataBANK0
   350     07E8  00FF               	movwf	btemp+1
   351     07E9  3033               	movlw	low __pdataBANK0
   352     07EA  0084               	movwf	4
   353     07EB  120A  118A  25EA  120A  118A  	fcall	init_ram0
   354                           
   355                           ; Initialize objects allocated to COMMON
   356     07F0  120A  118A  25B8  120A  118A  	fcall	__pidataCOMMON	;fetch initializer
   357     07F5  00FC               	movwf	__pdataCOMMON& (0+127)
   358                           
   359                           ; Clear objects allocated to BANK0
   360     07F6  01C3               	clrf	__pbssBANK0& (0+127)
   361     07F7  01C4               	clrf	(__pbssBANK0+1)& (0+127)
   362     07F8  01C5               	clrf	(__pbssBANK0+2)& (0+127)
   363     07F9  01C6               	clrf	(__pbssBANK0+3)& (0+127)
   364     07FA  01C7               	clrf	(__pbssBANK0+4)& (0+127)
   365     07FB  01C8               	clrf	(__pbssBANK0+5)& (0+127)
   366     07FC                     end_of_initialization:	
   367                           ;End of C runtime variable initialization code
   368                           
   369     07FC                     __end_of__initialization:
   370     07FC  0183               	clrf	3
   371     07FD  120A  118A  2EF7   	ljmp	_main	;jump to C main() function
   372                           
   373                           	psect	dataCOMMON
   374     007C                     __pdataCOMMON:
   375     007C                     read_digital_keypad@once:
   376     007C                     	ds	1
   377                           
   378                           	psect	bssBANK0
   379     0043                     __pbssBANK0:
   380     0043                     main@sw_count:
   381     0043                     	ds	2
   382     0045                     main@wait:
   383     0045                     	ds	2
   384     0047                     main@count:
   385     0047                     	ds	2
   386                           
   387                           	psect	dataBANK0
   388     0033                     __pdataBANK0:
   389     0033                     main@F990:
   390     0033                     	ds	10
   391     003D                     main@F988:
   392     003D                     	ds	4
   393     0041                     main@flag:
   394     0041                     	ds	2
   395                           
   396                           	psect	inittext
   397     05E6                     init_fetch0:	
   398                           ;	Called with low address in FSR and high address in W
   399                           
   400     05E6  087E               	movf	btemp,w
   401     05E7  008A               	movwf	10
   402     05E8  087F               	movf	btemp+1,w
   403     05E9  0082               	movwf	2
   404     05EA                     init_ram0:	
   405                           ;Called with:
   406                           ;	high address of idata address in btemp 
   407                           ;	low address of idata address in btemp+1 
   408                           ;	low address of data in FSR
   409                           ;	high address + 1 of data in btemp-1
   410                           
   411     05EA  120A  118A  25E6  120A  118A  	fcall	init_fetch0
   412     05EF  0080               	movwf	0
   413     05F0  0A84               	incf	4,f
   414     05F1  0804               	movf	4,w
   415     05F2  067D               	xorwf	btemp+-1,w
   416     05F3  1903               	btfsc	3,2
   417     05F4  3400               	retlw	0
   418     05F5  0AFF               	incf	btemp+1,f
   419     05F6  1903               	btfsc	3,2
   420     05F7  0AFE               	incf	btemp,f
   421     05F8  2DEA               	goto	init_ram0
   422                           
   423                           	psect	cstackCOMMON
   424     0070                     __pcstackCOMMON:
   425     0070                     ?_init_digital_keypad:
   426     0070                     ??_init_digital_keypad:	
   427                           ; 1 bytes @ 0x0
   428                           
   429     0070                     ?_init_ssd:	
   430                           ; 1 bytes @ 0x0
   431                           
   432     0070                     ??_init_ssd:	
   433                           ; 1 bytes @ 0x0
   434                           
   435     0070                     ?_read_digital_keypad:	
   436                           ; 1 bytes @ 0x0
   437                           
   438     0070                     ??_read_digital_keypad:	
   439                           ; 1 bytes @ 0x0
   440                           
   441     0070                     ?_display:	
   442                           ; 1 bytes @ 0x0
   443                           
   444     0070                     ??_display:	
   445                           ; 1 bytes @ 0x0
   446                           
   447     0070                     ?_init_config:	
   448                           ; 1 bytes @ 0x0
   449                           
   450     0070                     ??_init_config:	
   451                           ; 1 bytes @ 0x0
   452                           
   453     0070                     ?_main:	
   454                           ; 1 bytes @ 0x0
   455                           
   456     0070                     ?___lwmod:	
   457                           ; 1 bytes @ 0x0
   458                           
   459     0070                     ___lwmod@divisor:	
   460                           ; 2 bytes @ 0x0
   461                           
   462                           
   463                           ; 2 bytes @ 0x0
   464     0070                     	ds	1
   465     0071                     read_digital_keypad@mode:
   466                           
   467                           ; 1 bytes @ 0x1
   468     0071                     	ds	1
   469     0072                     ___lwmod@dividend:
   470                           
   471                           ; 2 bytes @ 0x2
   472     0072                     	ds	2
   473     0074                     ??___lwmod:
   474     0074                     ___lwmod@counter:	
   475                           ; 1 bytes @ 0x4
   476                           
   477     0074                     display@wait:	
   478                           ; 1 bytes @ 0x4
   479                           
   480                           
   481                           ; 4 bytes @ 0x4
   482     0074                     	ds	1
   483     0075                     ?___lwdiv:
   484     0075                     ___lwdiv@divisor:	
   485                           ; 2 bytes @ 0x5
   486                           
   487                           
   488                           ; 2 bytes @ 0x5
   489     0075                     	ds	2
   490     0077                     ___lwdiv@dividend:
   491                           
   492                           ; 2 bytes @ 0x7
   493     0077                     	ds	1
   494     0078                     display@data:
   495                           
   496                           ; 1 bytes @ 0x8
   497     0078                     	ds	1
   498     0079                     ??___lwdiv:
   499     0079                     display@digit:	
   500                           ; 1 bytes @ 0x9
   501                           
   502     0079                     ___lwdiv@quotient:	
   503                           ; 1 bytes @ 0x9
   504                           
   505                           
   506                           ; 2 bytes @ 0x9
   507     0079                     	ds	2
   508     007B                     ___lwdiv@counter:
   509                           
   510                           ; 1 bytes @ 0xB
   511     007B                     	ds	1
   512                           
   513                           	psect	cstackBANK0
   514     0020                     __pcstackBANK0:
   515     0020                     ??_main:
   516                           
   517                           ; 1 bytes @ 0x0
   518     0020                     	ds	4
   519     0024                     main@digit:
   520                           
   521                           ; 10 bytes @ 0x4
   522     0024                     	ds	10
   523     002E                     main@ssd:
   524                           
   525                           ; 4 bytes @ 0xE
   526     002E                     	ds	4
   527     0032                     main@key:
   528                           
   529                           ; 1 bytes @ 0x12
   530     0032                     	ds	1
   531                           
   532                           	psect	maintext
   533     06F7                     __pmaintext:	
   534 ;;
   535 ;;Main: autosize = 0, tempsize = 4, incstack = 0, save=0
   536 ;;
   537 ;; *************** function _main *****************
   538 ;; Defined at:
   539 ;;		line 19 in file "main.c"
   540 ;; Parameters:    Size  Location     Type
   541 ;;		None
   542 ;; Auto vars:     Size  Location     Type
   543 ;;  digit          10    4[BANK0 ] unsigned char [10]
   544 ;;  ssd             4   14[BANK0 ] unsigned char [4]
   545 ;;  key             1   18[BANK0 ] unsigned char 
   546 ;; Return value:  Size  Location     Type
   547 ;;                  1    wreg      void 
   548 ;; Registers used:
   549 ;;		wreg, fsr0l, fsr0h, status,2, status,0, btemp+1, pclath, cstack
   550 ;; Tracked objects:
   551 ;;		On entry : B00/0
   552 ;;		On exit  : 0/0
   553 ;;		Unchanged: 0/0
   554 ;; Data sizes:     COMMON   BANK0   BANK1   BANK3   BANK2
   555 ;;      Params:         0       0       0       0       0
   556 ;;      Locals:         0      15       0       0       0
   557 ;;      Temps:          0       4       0       0       0
   558 ;;      Totals:         0      19       0       0       0
   559 ;;Total ram usage:       19 bytes
   560 ;; Hardware stack levels required when called: 2
   561 ;; This function calls:
   562 ;;		___lwdiv
   563 ;;		___lwmod
   564 ;;		_display
   565 ;;		_init_config
   566 ;;		_read_digital_keypad
   567 ;; This function is called by:
   568 ;;		Startup code after reset
   569 ;; This function uses a non-reentrant model
   570 ;;
   571                           
   572     06F7                     _main:	
   573                           ;psect for function _main
   574                           
   575     06F7                     l866:	
   576                           ;incstack = 0
   577                           ; Regs used in _main: [wreg-fsr0h+status,2+status,0+btemp+1+pclath+cstack]
   578                           
   579                           
   580                           ;main.c: 20:             }
   581     06F7  1283               	bcf	3,5	;RP0=0, select bank0
   582     06F8  1303               	bcf	3,6	;RP1=0, select bank0
   583     06F9  0840               	movf	main@F988+3,w
   584     06FA  00B1               	movwf	main@ssd+3
   585     06FB  083F               	movf	main@F988+2,w
   586     06FC  00B0               	movwf	main@ssd+2
   587     06FD  083E               	movf	main@F988+1,w
   588     06FE  00AF               	movwf	main@ssd+1
   589     06FF  083D               	movf	main@F988,w
   590     0700  00AE               	movwf	main@ssd
   591     0701                     l868:
   592                           
   593                           ;main.c: 21:             else
   594     0701  3024               	movlw	main@digit& (0+255)
   595     0702  0084               	movwf	4
   596     0703  3033               	movlw	low main@F990
   597     0704  00A0               	movwf	??_main
   598     0705  0804               	movf	4,w
   599     0706  00A1               	movwf	??_main+1
   600     0707  300A               	movlw	10
   601     0708  00A2               	movwf	??_main+2
   602     0709                     u490:
   603     0709  0820               	movf	??_main,w
   604     070A  0084               	movwf	4
   605     070B  1383               	bcf	3,7	;select IRP bank0
   606     070C  0800               	movf	0,w
   607     070D  00A3               	movwf	??_main+3
   608     070E  0AA0               	incf	??_main,f
   609     070F  0821               	movf	??_main+1,w
   610     0710  0084               	movwf	4
   611     0711  0823               	movf	??_main+3,w
   612     0712  0080               	movwf	0
   613     0713  0AA1               	incf	??_main+1,f
   614     0714  0BA2               	decfsz	??_main+2,f
   615     0715  2F09               	goto	u490
   616     0716                     l870:
   617                           
   618                           ;main.c: 22:             {;main.c: 23:                 sw_count--;;main.c: 24:          
      +                             }
   619     0716  120A  118A  25BF  120A  118A  	fcall	_init_config
   620     071B                     l872:
   621                           
   622                           ;main.c: 27:         {
   623     071B  3000               	movlw	0
   624     071C  120A  118A  25F9  120A  118A  	fcall	_read_digital_keypad
   625     0721  1283               	bcf	3,5	;RP0=0, select bank0
   626     0722  1303               	bcf	3,6	;RP1=0, select bank0
   627     0723  00B2               	movwf	main@key
   628     0724                     l874:
   629                           
   630                           ;main.c: 28:             flag = 1;
   631     0724  303E               	movlw	62
   632     0725  0632               	xorwf	main@key,w
   633     0726  1D03               	btfss	3,2
   634     0727  2F29               	goto	u501
   635     0728  2F2A               	goto	u500
   636     0729                     u501:
   637     0729  2F40               	goto	l884
   638     072A                     u500:
   639     072A                     l876:
   640                           
   641                           ;main.c: 29:         };main.c: 30:         if(sw_count > 0)
   642     072A  0841               	movf	main@flag,w
   643     072B  0442               	iorwf	main@flag+1,w
   644     072C  1903               	btfsc	3,2
   645     072D  2F2F               	goto	u511
   646     072E  2F30               	goto	u510
   647     072F                     u511:
   648     072F  2F39               	goto	l882
   649     0730                     u510:
   650     0730                     l878:
   651                           
   652                           ;main.c: 31:         {;main.c: 32:             if(wait++ == 25)
   653     0730  3001               	movlw	1
   654     0731  07C7               	addwf	main@count,f
   655     0732  1803               	skipnc
   656     0733  0AC8               	incf	main@count+1,f
   657     0734  3000               	movlw	0
   658     0735  07C8               	addwf	main@count+1,f
   659     0736                     l880:
   660                           
   661                           ;main.c: 33:             {
   662     0736  01C1               	clrf	main@flag
   663     0737  01C2               	clrf	main@flag+1
   664                           
   665                           ;main.c: 34:                 ssd[3] = digit[(count%10)];
   666     0738  2F44               	goto	l886
   667     0739                     l882:
   668                           
   669                           ;main.c: 36:                 ssd[1] = digit[(count %1000)/100];;main.c: 37:             
      +                              ssd[0] = digit[(count/1000)];
   670     0739  3001               	movlw	1
   671     073A  02C3               	subwf	main@sw_count,f
   672     073B  3000               	movlw	0
   673     073C  1C03               	skipc
   674     073D  03C4               	decf	main@sw_count+1,f
   675     073E  02C4               	subwf	main@sw_count+1,f
   676     073F  2F44               	goto	l886
   677     0740                     l884:
   678                           
   679                           ;main.c: 41:         else;main.c: 42:         {
   680     0740  3001               	movlw	1
   681     0741  00C1               	movwf	main@flag
   682     0742  3000               	movlw	0
   683     0743  00C2               	movwf	main@flag+1
   684     0744                     l886:
   685                           
   686                           ;main.c: 44:             count = 0;
   687     0744  0843               	movf	main@sw_count,w
   688     0745  0444               	iorwf	main@sw_count+1,w
   689     0746  1903               	btfsc	3,2
   690     0747  2F49               	goto	u521
   691     0748  2F4A               	goto	u520
   692     0749                     u521:
   693     0749  2FC8               	goto	l894
   694     074A                     u520:
   695     074A                     l888:
   696                           
   697                           ;main.c: 45:         };main.c: 46:         if(count >= 9999)
   698     074A  3001               	movlw	1
   699     074B  07C5               	addwf	main@wait,f
   700     074C  1803               	skipnc
   701     074D  0AC6               	incf	main@wait+1,f
   702     074E  3000               	movlw	0
   703     074F  07C6               	addwf	main@wait+1,f
   704     0750  301A               	movlw	26
   705     0751  0645               	xorwf	main@wait,w
   706     0752  0446               	iorwf	main@wait+1,w
   707     0753  1D03               	btfss	3,2
   708     0754  2F56               	goto	u531
   709     0755  2F57               	goto	u530
   710     0756                     u531:
   711     0756  2FCE               	goto	l898
   712     0757                     u530:
   713     0757                     l890:
   714                           
   715                           ;main.c: 47:         {;main.c: 48:             while(1);
   716     0757  300A               	movlw	10
   717     0758  00F0               	movwf	___lwmod@divisor
   718     0759  3000               	movlw	0
   719     075A  00F1               	movwf	___lwmod@divisor+1
   720     075B  0848               	movf	main@count+1,w
   721     075C  00F3               	movwf	___lwmod@dividend+1
   722     075D  0847               	movf	main@count,w
   723     075E  00F2               	movwf	___lwmod@dividend
   724     075F  120A  118A  2623  120A  118A  	fcall	___lwmod
   725     0764  0870               	movf	?___lwmod,w
   726     0765  3E24               	addlw	(low (main@digit| 0))& (0+255)
   727     0766  0084               	movwf	4
   728     0767  1383               	bcf	3,7	;select IRP bank0
   729     0768  0800               	movf	0,w
   730     0769  1283               	bcf	3,5	;RP0=0, select bank0
   731     076A  1303               	bcf	3,6	;RP1=0, select bank0
   732     076B  00B1               	movwf	main@ssd+3
   733                           
   734                           ;main.c: 49:         }
   735     076C  300A               	movlw	10
   736     076D  00F5               	movwf	___lwdiv@divisor
   737     076E  3000               	movlw	0
   738     076F  00F6               	movwf	___lwdiv@divisor+1
   739     0770  0848               	movf	main@count+1,w
   740     0771  00F3               	movwf	___lwmod@dividend+1
   741     0772  0847               	movf	main@count,w
   742     0773  00F2               	movwf	___lwmod@dividend
   743     0774  3064               	movlw	100
   744     0775  00F0               	movwf	___lwmod@divisor
   745     0776  3000               	movlw	0
   746     0777  00F1               	movwf	___lwmod@divisor+1
   747     0778  120A  118A  2623  120A  118A  	fcall	___lwmod
   748     077D  0871               	movf	?___lwmod+1,w
   749     077E  00F8               	movwf	___lwdiv@dividend+1
   750     077F  0870               	movf	?___lwmod,w
   751     0780  00F7               	movwf	___lwdiv@dividend
   752     0781  120A  118A  265D  120A  118A  	fcall	___lwdiv
   753     0786  0875               	movf	?___lwdiv,w
   754     0787  3E24               	addlw	(low (main@digit| 0))& (0+255)
   755     0788  0084               	movwf	4
   756     0789  1383               	bcf	3,7	;select IRP bank0
   757     078A  0800               	movf	0,w
   758     078B  1283               	bcf	3,5	;RP0=0, select bank0
   759     078C  1303               	bcf	3,6	;RP1=0, select bank0
   760     078D  00B0               	movwf	main@ssd+2
   761                           
   762                           ;main.c: 50:         display(ssd);
   763     078E  3064               	movlw	100
   764     078F  00F5               	movwf	___lwdiv@divisor
   765     0790  3000               	movlw	0
   766     0791  00F6               	movwf	___lwdiv@divisor+1
   767     0792  0848               	movf	main@count+1,w
   768     0793  00F3               	movwf	___lwmod@dividend+1
   769     0794  0847               	movf	main@count,w
   770     0795  00F2               	movwf	___lwmod@dividend
   771     0796  30E8               	movlw	232
   772     0797  00F0               	movwf	___lwmod@divisor
   773     0798  3003               	movlw	3
   774     0799  00F1               	movwf	___lwmod@divisor+1
   775     079A  120A  118A  2623  120A  118A  	fcall	___lwmod
   776     079F  0871               	movf	?___lwmod+1,w
   777     07A0  00F8               	movwf	___lwdiv@dividend+1
   778     07A1  0870               	movf	?___lwmod,w
   779     07A2  00F7               	movwf	___lwdiv@dividend
   780     07A3  120A  118A  265D  120A  118A  	fcall	___lwdiv
   781     07A8  0875               	movf	?___lwdiv,w
   782     07A9  3E24               	addlw	(low (main@digit| 0))& (0+255)
   783     07AA  0084               	movwf	4
   784     07AB  1383               	bcf	3,7	;select IRP bank0
   785     07AC  0800               	movf	0,w
   786     07AD  1283               	bcf	3,5	;RP0=0, select bank0
   787     07AE  1303               	bcf	3,6	;RP1=0, select bank0
   788     07AF  00AF               	movwf	main@ssd+1
   789                           
   790                           ;main.c: 51:     }
   791     07B0  30E8               	movlw	232
   792     07B1  00F5               	movwf	___lwdiv@divisor
   793     07B2  3003               	movlw	3
   794     07B3  00F6               	movwf	___lwdiv@divisor+1
   795     07B4  0848               	movf	main@count+1,w
   796     07B5  00F8               	movwf	___lwdiv@dividend+1
   797     07B6  0847               	movf	main@count,w
   798     07B7  00F7               	movwf	___lwdiv@dividend
   799     07B8  120A  118A  265D  120A  118A  	fcall	___lwdiv
   800     07BD  0875               	movf	?___lwdiv,w
   801     07BE  3E24               	addlw	(low (main@digit| 0))& (0+255)
   802     07BF  0084               	movwf	4
   803     07C0  1383               	bcf	3,7	;select IRP bank0
   804     07C1  0800               	movf	0,w
   805     07C2  1283               	bcf	3,5	;RP0=0, select bank0
   806     07C3  1303               	bcf	3,6	;RP1=0, select bank0
   807     07C4  00AE               	movwf	main@ssd
   808     07C5                     l892:
   809                           
   810                           ;main.c: 52:     return;
   811     07C5  01C5               	clrf	main@wait
   812     07C6  01C6               	clrf	main@wait+1
   813     07C7  2FCE               	goto	l898
   814     07C8                     l894:
   815     07C8  30C8               	movlw	200
   816     07C9  00C3               	movwf	main@sw_count
   817     07CA  3000               	movlw	0
   818     07CB  00C4               	movwf	main@sw_count+1
   819     07CC                     l896:
   820     07CC  01C7               	clrf	main@count
   821     07CD  01C8               	clrf	main@count+1
   822     07CE                     l898:
   823     07CE  3027               	movlw	39
   824     07CF  0248               	subwf	main@count+1,w
   825     07D0  300F               	movlw	15
   826     07D1  1903               	skipnz
   827     07D2  0247               	subwf	main@count,w
   828     07D3  1C03               	skipc
   829     07D4  2FD6               	goto	u541
   830     07D5  2FD7               	goto	u540
   831     07D6                     u541:
   832     07D6  2FD8               	goto	l900
   833     07D7                     u540:
   834     07D7                     l37:
   835     07D7                     l38:
   836     07D7  2FD7               	goto	l37
   837     07D8                     l900:
   838     07D8  302E               	movlw	(low (main@ssd| 0))& (0+255)
   839     07D9  120A  118A  26A1  120A  118A  	fcall	_display
   840     07DE  2F1B               	goto	l872
   841     07DF  120A  118A  2800   	ljmp	start
   842     07E2                     __end_of_main:
   843                           
   844                           	psect	text1
   845     05F9                     __ptext1:	
   846 ;; *************** function _read_digital_keypad *****************
   847 ;; Defined at:
   848 ;;		line 10 in file "digital_keypad.c"
   849 ;; Parameters:    Size  Location     Type
   850 ;;  mode            1    wreg     unsigned char 
   851 ;; Auto vars:     Size  Location     Type
   852 ;;  mode            1    1[COMMON] unsigned char 
   853 ;; Return value:  Size  Location     Type
   854 ;;                  1    wreg      unsigned char 
   855 ;; Registers used:
   856 ;;		wreg, status,2, status,0
   857 ;; Tracked objects:
   858 ;;		On entry : 0/0
   859 ;;		On exit  : 0/0
   860 ;;		Unchanged: 0/0
   861 ;; Data sizes:     COMMON   BANK0   BANK1   BANK3   BANK2
   862 ;;      Params:         0       0       0       0       0
   863 ;;      Locals:         1       0       0       0       0
   864 ;;      Temps:          1       0       0       0       0
   865 ;;      Totals:         2       0       0       0       0
   866 ;;Total ram usage:        2 bytes
   867 ;; Hardware stack levels used: 1
   868 ;; This function calls:
   869 ;;		Nothing
   870 ;; This function is called by:
   871 ;;		_main
   872 ;; This function uses a non-reentrant model
   873 ;;
   874                           
   875     05F9                     _read_digital_keypad:	
   876                           ;psect for function _read_digital_keypad
   877                           
   878                           
   879                           ;incstack = 0
   880                           ; Regs used in _read_digital_keypad: [wreg+status,2+status,0]
   881                           ;read_digital_keypad@mode stored from wreg
   882     05F9  00F1               	movwf	read_digital_keypad@mode
   883     05FA                     l772:
   884                           
   885                           ;digital_keypad.c: 10: unsigned char read_digital_keypad(unsigned char mode);digital_key
      +                          pad.c: 11: {;digital_keypad.c: 12:     static unsigned char once = 1;;digital_keypad.c: 
      +                          13:     if(mode == 0)
   886     05FA  0871               	movf	read_digital_keypad@mode,w
   887     05FB  1D03               	btfss	3,2
   888     05FC  2DFE               	goto	u281
   889     05FD  2DFF               	goto	u280
   890     05FE                     u281:
   891     05FE  2E04               	goto	l780
   892     05FF                     u280:
   893     05FF                     l774:
   894                           
   895                           ;digital_keypad.c: 14:     {;digital_keypad.c: 15:         return PORTB & 0x3F;
   896     05FF  1283               	bcf	3,5	;RP0=0, select bank0
   897     0600  1303               	bcf	3,6	;RP1=0, select bank0
   898     0601  0806               	movf	6,w	;volatile
   899     0602  393F               	andlw	63
   900     0603  2E22               	goto	l74
   901     0604                     l780:
   902                           
   903                           ;digital_keypad.c: 18:     {;digital_keypad.c: 19:         if(((PORTB & 0x3F) != 0x3F) &
      +                          & once)
   904     0604  303F               	movlw	63
   905     0605  1283               	bcf	3,5	;RP0=0, select bank0
   906     0606  1303               	bcf	3,6	;RP1=0, select bank0
   907     0607  0506               	andwf	6,w	;volatile
   908     0608  00F0               	movwf	??_read_digital_keypad
   909     0609  303F               	movlw	63
   910     060A  0670               	xorwf	??_read_digital_keypad,w
   911     060B  1903               	btfsc	3,2
   912     060C  2E0E               	goto	u291
   913     060D  2E0F               	goto	u290
   914     060E                     u291:
   915     060E  2E16               	goto	l792
   916     060F                     u290:
   917     060F                     l782:
   918     060F  087C               	movf	read_digital_keypad@once,w
   919     0610  1903               	btfsc	3,2
   920     0611  2E13               	goto	u301
   921     0612  2E14               	goto	u300
   922     0613                     u301:
   923     0613  2E16               	goto	l792
   924     0614                     u300:
   925     0614                     l784:
   926                           
   927                           ;digital_keypad.c: 20:         {;digital_keypad.c: 21:             once = 0;
   928     0614  01FC               	clrf	read_digital_keypad@once
   929     0615  2DFF               	goto	l774
   930     0616                     l792:
   931     0616  303F               	movlw	63
   932     0617  0506               	andwf	6,w	;volatile
   933     0618  00F0               	movwf	??_read_digital_keypad
   934     0619  303F               	movlw	63
   935     061A  0670               	xorwf	??_read_digital_keypad,w
   936     061B  1D03               	btfss	3,2
   937     061C  2E1E               	goto	u311
   938     061D  2E1F               	goto	u310
   939     061E                     u311:
   940     061E  2E21               	goto	l796
   941     061F                     u310:
   942     061F                     l794:
   943                           
   944                           ;digital_keypad.c: 25:         {;digital_keypad.c: 26:             once = 1;
   945     061F  01FC               	clrf	read_digital_keypad@once
   946     0620  0AFC               	incf	read_digital_keypad@once,f
   947     0621                     l796:
   948                           
   949                           ;digital_keypad.c: 29:     return 0x3F;
   950     0621  303F               	movlw	63
   951     0622                     l74:
   952     0622  0008               	return
   953     0623                     __end_of_read_digital_keypad:
   954                           
   955                           	psect	text2
   956     05BF                     __ptext2:	
   957 ;; *************** function _init_config *****************
   958 ;; Defined at:
   959 ;;		line 14 in file "main.c"
   960 ;; Parameters:    Size  Location     Type
   961 ;;		None
   962 ;; Auto vars:     Size  Location     Type
   963 ;;		None
   964 ;; Return value:  Size  Location     Type
   965 ;;                  1    wreg      void 
   966 ;; Registers used:
   967 ;;		wreg, status,2, status,0, pclath, cstack
   968 ;; Tracked objects:
   969 ;;		On entry : 0/0
   970 ;;		On exit  : 0/0
   971 ;;		Unchanged: 0/0
   972 ;; Data sizes:     COMMON   BANK0   BANK1   BANK3   BANK2
   973 ;;      Params:         0       0       0       0       0
   974 ;;      Locals:         0       0       0       0       0
   975 ;;      Temps:          0       0       0       0       0
   976 ;;      Totals:         0       0       0       0       0
   977 ;;Total ram usage:        0 bytes
   978 ;; Hardware stack levels used: 1
   979 ;; Hardware stack levels required when called: 1
   980 ;; This function calls:
   981 ;;		_init_digital_keypad
   982 ;;		_init_ssd
   983 ;; This function is called by:
   984 ;;		_main
   985 ;; This function uses a non-reentrant model
   986 ;;
   987                           
   988     05BF                     _init_config:	
   989                           ;psect for function _init_config
   990                           
   991     05BF                     l770:	
   992                           ;incstack = 0
   993                           ; Regs used in _init_config: [wreg+status,2+status,0+pclath+cstack]
   994                           
   995                           
   996                           ;main.c: 15:         {
   997     05BF  120A  118A  25B9  120A  118A  	fcall	_init_digital_keypad
   998                           
   999                           ;main.c: 16:             if(flag)
  1000     05C4  120A  118A  25CA  120A  118A  	fcall	_init_ssd
  1001     05C9                     l11:
  1002     05C9  0008               	return
  1003     05CA                     __end_of_init_config:
  1004                           
  1005                           	psect	text3
  1006     05CA                     __ptext3:	
  1007 ;; *************** function _init_ssd *****************
  1008 ;; Defined at:
  1009 ;;		line 4 in file "ssd.c"
  1010 ;; Parameters:    Size  Location     Type
  1011 ;;		None
  1012 ;; Auto vars:     Size  Location     Type
  1013 ;;		None
  1014 ;; Return value:  Size  Location     Type
  1015 ;;                  1    wreg      void 
  1016 ;; Registers used:
  1017 ;;		wreg, status,2
  1018 ;; Tracked objects:
  1019 ;;		On entry : 0/0
  1020 ;;		On exit  : 0/0
  1021 ;;		Unchanged: 0/0
  1022 ;; Data sizes:     COMMON   BANK0   BANK1   BANK3   BANK2
  1023 ;;      Params:         0       0       0       0       0
  1024 ;;      Locals:         0       0       0       0       0
  1025 ;;      Temps:          0       0       0       0       0
  1026 ;;      Totals:         0       0       0       0       0
  1027 ;;Total ram usage:        0 bytes
  1028 ;; Hardware stack levels used: 1
  1029 ;; This function calls:
  1030 ;;		Nothing
  1031 ;; This function is called by:
  1032 ;;		_init_config
  1033 ;; This function uses a non-reentrant model
  1034 ;;
  1035                           
  1036     05CA                     _init_ssd:	
  1037                           ;psect for function _init_ssd
  1038                           
  1039     05CA                     l764:	
  1040                           ;incstack = 0
  1041                           ; Regs used in _init_ssd: [wreg+status,2]
  1042                           
  1043                           
  1044                           ;ssd.c: 7:     TRISD = 0x00;
  1045     05CA  1683               	bsf	3,5	;RP0=1, select bank1
  1046     05CB  1303               	bcf	3,6	;RP1=0, select bank1
  1047     05CC  0188               	clrf	8	;volatile
  1048     05CD                     l766:
  1049                           
  1050                           ;ssd.c: 10:     TRISA = TRISA & 0x03;
  1051     05CD  0805               	movf	5,w	;volatile
  1052     05CE  3903               	andlw	3
  1053     05CF  0085               	movwf	5	;volatile
  1054     05D0                     l768:
  1055                           
  1056                           ;ssd.c: 12:     PORTA = PORTA & 0x03;
  1057     05D0  1283               	bcf	3,5	;RP0=0, select bank0
  1058     05D1  1303               	bcf	3,6	;RP1=0, select bank0
  1059     05D2  0805               	movf	5,w	;volatile
  1060     05D3  3903               	andlw	3
  1061     05D4  0085               	movwf	5	;volatile
  1062     05D5                     l53:
  1063     05D5  0008               	return
  1064     05D6                     __end_of_init_ssd:
  1065                           
  1066                           	psect	text4
  1067     05B9                     __ptext4:	
  1068 ;; *************** function _init_digital_keypad *****************
  1069 ;; Defined at:
  1070 ;;		line 4 in file "digital_keypad.c"
  1071 ;; Parameters:    Size  Location     Type
  1072 ;;		None
  1073 ;; Auto vars:     Size  Location     Type
  1074 ;;		None
  1075 ;; Return value:  Size  Location     Type
  1076 ;;                  1    wreg      void 
  1077 ;; Registers used:
  1078 ;;		wreg, status,2
  1079 ;; Tracked objects:
  1080 ;;		On entry : 0/0
  1081 ;;		On exit  : 0/0
  1082 ;;		Unchanged: 0/0
  1083 ;; Data sizes:     COMMON   BANK0   BANK1   BANK3   BANK2
  1084 ;;      Params:         0       0       0       0       0
  1085 ;;      Locals:         0       0       0       0       0
  1086 ;;      Temps:          0       0       0       0       0
  1087 ;;      Totals:         0       0       0       0       0
  1088 ;;Total ram usage:        0 bytes
  1089 ;; Hardware stack levels used: 1
  1090 ;; This function calls:
  1091 ;;		Nothing
  1092 ;; This function is called by:
  1093 ;;		_init_config
  1094 ;; This function uses a non-reentrant model
  1095 ;;
  1096                           
  1097     05B9                     _init_digital_keypad:	
  1098                           ;psect for function _init_digital_keypad
  1099                           
  1100     05B9                     l762:	
  1101                           ;incstack = 0
  1102                           ; Regs used in _init_digital_keypad: [wreg+status,2]
  1103                           
  1104                           
  1105                           ;digital_keypad.c: 7:     TRISB = TRISB | 0x3F;
  1106     05B9  1683               	bsf	3,5	;RP0=1, select bank1
  1107     05BA  1303               	bcf	3,6	;RP1=0, select bank1
  1108     05BB  0806               	movf	6,w	;volatile
  1109     05BC  383F               	iorlw	63
  1110     05BD  0086               	movwf	6	;volatile
  1111     05BE                     l68:
  1112     05BE  0008               	return
  1113     05BF                     __end_of_init_digital_keypad:
  1114                           
  1115                           	psect	text5
  1116     06A1                     __ptext5:	
  1117 ;; *************** function _display *****************
  1118 ;; Defined at:
  1119 ;;		line 16 in file "ssd.c"
  1120 ;; Parameters:    Size  Location     Type
  1121 ;;  data            1    wreg     PTR unsigned char 
  1122 ;;		 -> main@ssd(4), 
  1123 ;; Auto vars:     Size  Location     Type
  1124 ;;  data            1    8[COMMON] PTR unsigned char 
  1125 ;;		 -> main@ssd(4), 
  1126 ;;  wait            4    4[COMMON] unsigned long 
  1127 ;;  digit           1    9[COMMON] unsigned char 
  1128 ;; Return value:  Size  Location     Type
  1129 ;;                  1    wreg      void 
  1130 ;; Registers used:
  1131 ;;		wreg, fsr0l, fsr0h, status,2, status,0, btemp+1
  1132 ;; Tracked objects:
  1133 ;;		On entry : 0/0
  1134 ;;		On exit  : 0/0
  1135 ;;		Unchanged: 0/0
  1136 ;; Data sizes:     COMMON   BANK0   BANK1   BANK3   BANK2
  1137 ;;      Params:         0       0       0       0       0
  1138 ;;      Locals:         6       0       0       0       0
  1139 ;;      Temps:          4       0       0       0       0
  1140 ;;      Totals:        10       0       0       0       0
  1141 ;;Total ram usage:       10 bytes
  1142 ;; Hardware stack levels used: 1
  1143 ;; This function calls:
  1144 ;;		Nothing
  1145 ;; This function is called by:
  1146 ;;		_main
  1147 ;; This function uses a non-reentrant model
  1148 ;;
  1149                           
  1150     06A1                     _display:	
  1151                           ;psect for function _display
  1152                           
  1153                           
  1154                           ;incstack = 0
  1155                           ; Regs used in _display: [wreg-fsr0h+status,2+status,0+btemp+1]
  1156                           ;display@data stored from wreg
  1157     06A1  00F8               	movwf	display@data
  1158     06A2                     l800:
  1159                           
  1160                           ;ssd.c: 16: void display(unsigned char data[]);ssd.c: 17: {;ssd.c: 18:     unsigned char
      +                           digit;;ssd.c: 20:     for (digit = 0; digit < 4; digit++)
  1161     06A2  01F9               	clrf	display@digit
  1162     06A3                     l806:
  1163                           
  1164                           ;ssd.c: 21:     {;ssd.c: 22:         PORTD = data[digit];
  1165     06A3  0879               	movf	display@digit,w
  1166     06A4  0778               	addwf	display@data,w
  1167     06A5  00F0               	movwf	??_display
  1168     06A6  0870               	movf	??_display,w
  1169     06A7  0084               	movwf	4
  1170     06A8  1383               	bcf	3,7	;select IRP bank0
  1171     06A9  0800               	movf	0,w
  1172     06AA  1283               	bcf	3,5	;RP0=0, select bank0
  1173     06AB  1303               	bcf	3,6	;RP1=0, select bank0
  1174     06AC  0088               	movwf	8	;volatile
  1175     06AD                     l808:
  1176                           
  1177                           ;ssd.c: 23:         PORTA =(unsigned char) ((PORTA & 0x03) | (0x04 << digit));
  1178     06AD  3004               	movlw	4
  1179     06AE  00F0               	movwf	??_display
  1180     06AF  0A79               	incf	display@digit,w
  1181     06B0  2EB3               	goto	u324
  1182     06B1                     u325:
  1183     06B1  1003               	clrc
  1184     06B2  0DF0               	rlf	??_display,f
  1185     06B3                     u324:
  1186     06B3  3EFF               	addlw	-1
  1187     06B4  1D03               	skipz
  1188     06B5  2EB1               	goto	u325
  1189     06B6  0805               	movf	5,w	;volatile
  1190     06B7  3903               	andlw	3
  1191     06B8  0470               	iorwf	??_display,w
  1192     06B9  0085               	movwf	5	;volatile
  1193     06BA                     l810:
  1194                           
  1195                           ;ssd.c: 24:         for (unsigned long int wait = 500; wait--; );
  1196     06BA  3000               	movlw	0
  1197     06BB  00F7               	movwf	display@wait+3
  1198     06BC  3000               	movlw	0
  1199     06BD  00F6               	movwf	display@wait+2
  1200     06BE  3001               	movlw	1
  1201     06BF  00F5               	movwf	display@wait+1
  1202     06C0  30F4               	movlw	244
  1203     06C1  00F4               	movwf	display@wait
  1204     06C2                     l812:
  1205     06C2  3001               	movlw	1
  1206     06C3  00F0               	movwf	??_display
  1207     06C4  3000               	movlw	0
  1208     06C5  00F1               	movwf	??_display+1
  1209     06C6  3000               	movlw	0
  1210     06C7  00F2               	movwf	??_display+2
  1211     06C8  3000               	movlw	0
  1212     06C9  00F3               	movwf	??_display+3
  1213     06CA  0870               	movf	??_display,w
  1214     06CB  02F4               	subwf	display@wait,f
  1215     06CC  0871               	movf	??_display+1,w
  1216     06CD  1C03               	skipc
  1217     06CE  0F71               	incfsz	??_display+1,w
  1218     06CF  2ED1               	goto	u335
  1219     06D0  2ED2               	goto	u336
  1220     06D1                     u335:
  1221     06D1  02F5               	subwf	display@wait+1,f
  1222     06D2                     u336:
  1223     06D2  0872               	movf	??_display+2,w
  1224     06D3  1C03               	skipc
  1225     06D4  0F72               	incfsz	??_display+2,w
  1226     06D5  2ED7               	goto	u337
  1227     06D6  2ED8               	goto	u338
  1228     06D7                     u337:
  1229     06D7  02F6               	subwf	display@wait+2,f
  1230     06D8                     u338:
  1231     06D8  0873               	movf	??_display+3,w
  1232     06D9  1C03               	skipc
  1233     06DA  0F73               	incfsz	??_display+3,w
  1234     06DB  2EDD               	goto	u339
  1235     06DC  2EDE               	goto	u330
  1236     06DD                     u339:
  1237     06DD  02F7               	subwf	display@wait+3,f
  1238     06DE                     u330:
  1239     06DE  0A74               	incf	display@wait,w
  1240     06DF  1D03               	skipz
  1241     06E0  2EEB               	goto	u341
  1242     06E1  0A75               	incf	display@wait+1,w
  1243     06E2  1D03               	skipz
  1244     06E3  2EEB               	goto	u341
  1245     06E4  0A76               	incf	display@wait+2,w
  1246     06E5  1D03               	skipz
  1247     06E6  2EEB               	goto	u341
  1248     06E7  0A77               	incf	display@wait+3,w
  1249     06E8  1D03               	btfss	3,2
  1250     06E9  2EEB               	goto	u341
  1251     06EA  2EEC               	goto	u340
  1252     06EB                     u341:
  1253     06EB  2EC2               	goto	l812
  1254     06EC                     u340:
  1255     06EC                     l814:
  1256                           
  1257                           ;ssd.c: 25:     }
  1258     06EC  3001               	movlw	1
  1259     06ED  00FF               	movwf	btemp+1
  1260     06EE  087F               	movf	btemp+1,w
  1261     06EF  07F9               	addwf	display@digit,f
  1262     06F0                     l816:
  1263     06F0  3004               	movlw	4
  1264     06F1  0279               	subwf	display@digit,w
  1265     06F2  1C03               	skipc
  1266     06F3  2EF5               	goto	u351
  1267     06F4  2EF6               	goto	u350
  1268     06F5                     u351:
  1269     06F5  2EA3               	goto	l806
  1270     06F6                     u350:
  1271     06F6                     l61:
  1272     06F6  0008               	return
  1273     06F7                     __end_of_display:
  1274                           
  1275                           	psect	text6
  1276     0623                     __ptext6:	
  1277 ;; *************** function ___lwmod *****************
  1278 ;; Defined at:
  1279 ;;		line 5 in file "C:\Program Files\Microchip\xc8\v2.45\pic\sources\c99\common\lwmod.c"
  1280 ;; Parameters:    Size  Location     Type
  1281 ;;  divisor         2    0[COMMON] unsigned int 
  1282 ;;  dividend        2    2[COMMON] unsigned int 
  1283 ;; Auto vars:     Size  Location     Type
  1284 ;;  counter         1    4[COMMON] unsigned char 
  1285 ;; Return value:  Size  Location     Type
  1286 ;;                  2    0[COMMON] unsigned int 
  1287 ;; Registers used:
  1288 ;;		wreg, status,2, status,0, btemp+1
  1289 ;; Tracked objects:
  1290 ;;		On entry : 0/0
  1291 ;;		On exit  : 0/0
  1292 ;;		Unchanged: 0/0
  1293 ;; Data sizes:     COMMON   BANK0   BANK1   BANK3   BANK2
  1294 ;;      Params:         4       0       0       0       0
  1295 ;;      Locals:         1       0       0       0       0
  1296 ;;      Temps:          0       0       0       0       0
  1297 ;;      Totals:         5       0       0       0       0
  1298 ;;Total ram usage:        5 bytes
  1299 ;; Hardware stack levels used: 1
  1300 ;; This function calls:
  1301 ;;		Nothing
  1302 ;; This function is called by:
  1303 ;;		_main
  1304 ;; This function uses a non-reentrant model
  1305 ;;
  1306                           
  1307     0623                     ___lwmod:	
  1308                           ;psect for function ___lwmod
  1309                           
  1310     0623                     l844:	
  1311                           ;incstack = 0
  1312                           ; Regs used in ___lwmod: [wreg+status,2+status,0+btemp+1]
  1313                           
  1314     0623  0870               	movf	___lwmod@divisor,w
  1315     0624  0471               	iorwf	___lwmod@divisor+1,w
  1316     0625  1903               	btfsc	3,2
  1317     0626  2E28               	goto	u431
  1318     0627  2E29               	goto	u430
  1319     0628                     u431:
  1320     0628  2E58               	goto	l862
  1321     0629                     u430:
  1322     0629                     l846:
  1323     0629  01F4               	clrf	___lwmod@counter
  1324     062A  0AF4               	incf	___lwmod@counter,f
  1325     062B  2E37               	goto	l852
  1326     062C                     l848:
  1327     062C  3001               	movlw	1
  1328     062D                     u445:
  1329     062D  1003               	clrc
  1330     062E  0DF0               	rlf	___lwmod@divisor,f
  1331     062F  0DF1               	rlf	___lwmod@divisor+1,f
  1332     0630  3EFF               	addlw	-1
  1333     0631  1D03               	skipz
  1334     0632  2E2D               	goto	u445
  1335     0633                     l850:
  1336     0633  3001               	movlw	1
  1337     0634  00FF               	movwf	btemp+1
  1338     0635  087F               	movf	btemp+1,w
  1339     0636  07F4               	addwf	___lwmod@counter,f
  1340     0637                     l852:
  1341     0637  1FF1               	btfss	___lwmod@divisor+1,7
  1342     0638  2E3A               	goto	u451
  1343     0639  2E3B               	goto	u450
  1344     063A                     u451:
  1345     063A  2E2C               	goto	l848
  1346     063B                     u450:
  1347     063B                     l854:
  1348     063B  0871               	movf	___lwmod@divisor+1,w
  1349     063C  0273               	subwf	___lwmod@dividend+1,w
  1350     063D  1D03               	skipz
  1351     063E  2E41               	goto	u465
  1352     063F  0870               	movf	___lwmod@divisor,w
  1353     0640  0272               	subwf	___lwmod@dividend,w
  1354     0641                     u465:
  1355     0641  1C03               	skipc
  1356     0642  2E44               	goto	u461
  1357     0643  2E45               	goto	u460
  1358     0644                     u461:
  1359     0644  2E4B               	goto	l858
  1360     0645                     u460:
  1361     0645                     l856:
  1362     0645  0870               	movf	___lwmod@divisor,w
  1363     0646  02F2               	subwf	___lwmod@dividend,f
  1364     0647  0871               	movf	___lwmod@divisor+1,w
  1365     0648  1C03               	skipc
  1366     0649  03F3               	decf	___lwmod@dividend+1,f
  1367     064A  02F3               	subwf	___lwmod@dividend+1,f
  1368     064B                     l858:
  1369     064B  3001               	movlw	1
  1370     064C                     u475:
  1371     064C  1003               	clrc
  1372     064D  0CF1               	rrf	___lwmod@divisor+1,f
  1373     064E  0CF0               	rrf	___lwmod@divisor,f
  1374     064F  3EFF               	addlw	-1
  1375     0650  1D03               	skipz
  1376     0651  2E4C               	goto	u475
  1377     0652                     l860:
  1378     0652  3001               	movlw	1
  1379     0653  02F4               	subwf	___lwmod@counter,f
  1380     0654  1D03               	btfss	3,2
  1381     0655  2E57               	goto	u481
  1382     0656  2E58               	goto	u480
  1383     0657                     u481:
  1384     0657  2E3B               	goto	l854
  1385     0658                     u480:
  1386     0658                     l862:
  1387     0658  0873               	movf	___lwmod@dividend+1,w
  1388     0659  00F1               	movwf	?___lwmod+1
  1389     065A  0872               	movf	___lwmod@dividend,w
  1390     065B  00F0               	movwf	?___lwmod
  1391     065C                     l454:
  1392     065C  0008               	return
  1393     065D                     __end_of___lwmod:
  1394                           
  1395                           	psect	text7
  1396     065D                     __ptext7:	
  1397 ;; *************** function ___lwdiv *****************
  1398 ;; Defined at:
  1399 ;;		line 5 in file "C:\Program Files\Microchip\xc8\v2.45\pic\sources\c99\common\lwdiv.c"
  1400 ;; Parameters:    Size  Location     Type
  1401 ;;  divisor         2    5[COMMON] unsigned int 
  1402 ;;  dividend        2    7[COMMON] unsigned int 
  1403 ;; Auto vars:     Size  Location     Type
  1404 ;;  quotient        2    9[COMMON] unsigned int 
  1405 ;;  counter         1   11[COMMON] unsigned char 
  1406 ;; Return value:  Size  Location     Type
  1407 ;;                  2    5[COMMON] unsigned int 
  1408 ;; Registers used:
  1409 ;;		wreg, status,2, status,0, btemp+1
  1410 ;; Tracked objects:
  1411 ;;		On entry : 0/0
  1412 ;;		On exit  : 0/0
  1413 ;;		Unchanged: 0/0
  1414 ;; Data sizes:     COMMON   BANK0   BANK1   BANK3   BANK2
  1415 ;;      Params:         4       0       0       0       0
  1416 ;;      Locals:         3       0       0       0       0
  1417 ;;      Temps:          0       0       0       0       0
  1418 ;;      Totals:         7       0       0       0       0
  1419 ;;Total ram usage:        7 bytes
  1420 ;; Hardware stack levels used: 1
  1421 ;; This function calls:
  1422 ;;		Nothing
  1423 ;; This function is called by:
  1424 ;;		_main
  1425 ;; This function uses a non-reentrant model
  1426 ;;
  1427                           
  1428     065D                     ___lwdiv:	
  1429                           ;psect for function ___lwdiv
  1430                           
  1431     065D                     l818:	
  1432                           ;incstack = 0
  1433                           ; Regs used in ___lwdiv: [wreg+status,2+status,0+btemp+1]
  1434                           
  1435     065D  01F9               	clrf	___lwdiv@quotient
  1436     065E  01FA               	clrf	___lwdiv@quotient+1
  1437     065F                     l820:
  1438     065F  0875               	movf	___lwdiv@divisor,w
  1439     0660  0476               	iorwf	___lwdiv@divisor+1,w
  1440     0661  1903               	btfsc	3,2
  1441     0662  2E64               	goto	u361
  1442     0663  2E65               	goto	u360
  1443     0664                     u361:
  1444     0664  2E9C               	goto	l840
  1445     0665                     u360:
  1446     0665                     l822:
  1447     0665  01FB               	clrf	___lwdiv@counter
  1448     0666  0AFB               	incf	___lwdiv@counter,f
  1449     0667  2E73               	goto	l828
  1450     0668                     l824:
  1451     0668  3001               	movlw	1
  1452     0669                     u375:
  1453     0669  1003               	clrc
  1454     066A  0DF5               	rlf	___lwdiv@divisor,f
  1455     066B  0DF6               	rlf	___lwdiv@divisor+1,f
  1456     066C  3EFF               	addlw	-1
  1457     066D  1D03               	skipz
  1458     066E  2E69               	goto	u375
  1459     066F                     l826:
  1460     066F  3001               	movlw	1
  1461     0670  00FF               	movwf	btemp+1
  1462     0671  087F               	movf	btemp+1,w
  1463     0672  07FB               	addwf	___lwdiv@counter,f
  1464     0673                     l828:
  1465     0673  1FF6               	btfss	___lwdiv@divisor+1,7
  1466     0674  2E76               	goto	u381
  1467     0675  2E77               	goto	u380
  1468     0676                     u381:
  1469     0676  2E68               	goto	l824
  1470     0677                     u380:
  1471     0677                     l830:
  1472     0677  3001               	movlw	1
  1473     0678                     u395:
  1474     0678  1003               	clrc
  1475     0679  0DF9               	rlf	___lwdiv@quotient,f
  1476     067A  0DFA               	rlf	___lwdiv@quotient+1,f
  1477     067B  3EFF               	addlw	-1
  1478     067C  1D03               	skipz
  1479     067D  2E78               	goto	u395
  1480     067E  0876               	movf	___lwdiv@divisor+1,w
  1481     067F  0278               	subwf	___lwdiv@dividend+1,w
  1482     0680  1D03               	skipz
  1483     0681  2E84               	goto	u405
  1484     0682  0875               	movf	___lwdiv@divisor,w
  1485     0683  0277               	subwf	___lwdiv@dividend,w
  1486     0684                     u405:
  1487     0684  1C03               	skipc
  1488     0685  2E87               	goto	u401
  1489     0686  2E88               	goto	u400
  1490     0687                     u401:
  1491     0687  2E8F               	goto	l836
  1492     0688                     u400:
  1493     0688                     l832:
  1494     0688  0875               	movf	___lwdiv@divisor,w
  1495     0689  02F7               	subwf	___lwdiv@dividend,f
  1496     068A  0876               	movf	___lwdiv@divisor+1,w
  1497     068B  1C03               	skipc
  1498     068C  03F8               	decf	___lwdiv@dividend+1,f
  1499     068D  02F8               	subwf	___lwdiv@dividend+1,f
  1500     068E                     l834:
  1501     068E  1479               	bsf	___lwdiv@quotient,0
  1502     068F                     l836:
  1503     068F  3001               	movlw	1
  1504     0690                     u415:
  1505     0690  1003               	clrc
  1506     0691  0CF6               	rrf	___lwdiv@divisor+1,f
  1507     0692  0CF5               	rrf	___lwdiv@divisor,f
  1508     0693  3EFF               	addlw	-1
  1509     0694  1D03               	skipz
  1510     0695  2E90               	goto	u415
  1511     0696                     l838:
  1512     0696  3001               	movlw	1
  1513     0697  02FB               	subwf	___lwdiv@counter,f
  1514     0698  1D03               	btfss	3,2
  1515     0699  2E9B               	goto	u421
  1516     069A  2E9C               	goto	u420
  1517     069B                     u421:
  1518     069B  2E77               	goto	l830
  1519     069C                     u420:
  1520     069C                     l840:
  1521     069C  087A               	movf	___lwdiv@quotient+1,w
  1522     069D  00F6               	movwf	?___lwdiv+1
  1523     069E  0879               	movf	___lwdiv@quotient,w
  1524     069F  00F5               	movwf	?___lwdiv
  1525     06A0                     l444:
  1526     06A0  0008               	return
  1527     06A1                     __end_of___lwdiv:
  1528     007E                     btemp	set	126	;btemp
  1529     007E                     wtemp0	set	126
  1530                           
  1531                           	psect	idloc
  1532                           
  1533                           ;Config register IDLOC0 @ 0x2000
  1534                           ;	unspecified, using default values
  1535     2000                     	org	8192
  1536     2000  3FFF               	dw	16383
  1537                           
  1538                           ;Config register IDLOC1 @ 0x2001
  1539                           ;	unspecified, using default values
  1540     2001                     	org	8193
  1541     2001  3FFF               	dw	16383
  1542                           
  1543                           ;Config register IDLOC2 @ 0x2002
  1544                           ;	unspecified, using default values
  1545     2002                     	org	8194
  1546     2002  3FFF               	dw	16383
  1547                           
  1548                           ;Config register IDLOC3 @ 0x2003
  1549                           ;	unspecified, using default values
  1550     2003                     	org	8195
  1551     2003  3FFF               	dw	16383
  1552                           
  1553                           	psect	config
  1554                           
  1555                           ;Config register CONFIG @ 0x2007
  1556                           ;	Oscillator Selection bits
  1557                           ;	FOSC = 0x3, unprogrammed default
  1558                           ;	Watchdog Timer Enable bit
  1559                           ;	WDTE = OFF, WDT disabled
  1560                           ;	Power-up Timer Enable bit
  1561                           ;	PWRTE = 0x1, unprogrammed default
  1562                           ;	Brown-out Reset Enable bit
  1563                           ;	BOREN = 0x1, unprogrammed default
  1564                           ;	Low-Voltage (Single-Supply) In-Circuit Serial Programming Enable bit
  1565                           ;	LVP = 0x1, unprogrammed default
  1566                           ;	Data EEPROM Memory Code Protection bit
  1567                           ;	CPD = 0x1, unprogrammed default
  1568                           ;	Flash Program Memory Write Enable bits
  1569                           ;	WRT = 0x3, unprogrammed default
  1570                           ;	In-Circuit Debugger Mode bit
  1571                           ;	DEBUG = 0x1, unprogrammed default
  1572                           ;	Flash Program Memory Code Protection bit
  1573                           ;	CP = 0x1, unprogrammed default
  1574     2007                     	org	8199
  1575     2007  3FFB               	dw	16379

Data Sizes:
    Strings     0
    Constant    0
    Data        17
    BSS         6
    Persistent  0
    Stack       0

Auto Spaces:
    Space          Size  Autos    Used
    COMMON           14     12      13
    BANK0            80     19      41
    BANK1            80      0       0
    BANK3            96      0       0
    BANK2            96      0       0

Pointer List with Targets:

    display@data	PTR unsigned char  size(1) Largest target is 4
		 -> main@ssd(BANK0[4]), 


Critical Paths under _main in COMMON

    _main->___lwdiv
    ___lwdiv->___lwmod

Critical Paths under _main in BANK0

    None.

Critical Paths under _main in BANK1

    None.

Critical Paths under _main in BANK3

    None.

Critical Paths under _main in BANK2

    None.

Call Graph Tables:

 ---------------------------------------------------------------------------------
 (Depth) Function   	        Calls       Base Space   Used Autos Params    Refs
 ---------------------------------------------------------------------------------
 (0) _main                                                19    19      0    1636
                                              0 BANK0     19    19      0
                            ___lwdiv
                            ___lwmod
                            _display
                        _init_config
                _read_digital_keypad
 ---------------------------------------------------------------------------------
 (1) _read_digital_keypad                                  2     2      0      22
                                              0 COMMON     2     2      0
 ---------------------------------------------------------------------------------
 (1) _init_config                                          0     0      0       0
                _init_digital_keypad
                           _init_ssd
 ---------------------------------------------------------------------------------
 (2) _init_ssd                                             0     0      0       0
 ---------------------------------------------------------------------------------
 (2) _init_digital_keypad                                  0     0      0       0
 ---------------------------------------------------------------------------------
 (1) _display                                             10    10      0     168
                                              0 COMMON    10    10      0
 ---------------------------------------------------------------------------------
 (1) ___lwmod                                              5     1      4     615
                                              0 COMMON     5     1      4
 ---------------------------------------------------------------------------------
 (1) ___lwdiv                                              7     3      4     618
                                              5 COMMON     7     3      4
                            ___lwmod (ARG)
 ---------------------------------------------------------------------------------
 Estimated maximum stack depth 2
 ---------------------------------------------------------------------------------

 Call Graph Graphs:

 _main (ROOT)
   ___lwdiv
     ___lwmod (ARG)
   ___lwmod
   _display
   _init_config
     _init_digital_keypad
     _init_ssd
   _read_digital_keypad

 Address spaces:
Name               Size   Autos  Total    Cost      Usage
BANK3               60      0       0       9        0.0%
BITBANK3            60      0       0       8        0.0%
SFR3                 0      0       0       4        0.0%
BITSFR3              0      0       0       4        0.0%
BANK2               60      0       0      11        0.0%
BITBANK2            60      0       0      10        0.0%
SFR2                 0      0       0       5        0.0%
BITSFR2              0      0       0       5        0.0%
BANK1               50      0       0       7        0.0%
BITBANK1            50      0       0       6        0.0%
SFR1                 0      0       0       2        0.0%
BITSFR1              0      0       0       2        0.0%
BANK0               50     13      29       5       51.2%
BITBANK0            50      0       0       4        0.0%
SFR0                 0      0       0       1        0.0%
BITSFR0              0      0       0       1        0.0%
COMMON               E      C       D       1       92.9%
BITCOMMON            E      0       0       0        0.0%
CODE                 0      0       0       0        0.0%
DATA                 0      0      36      12        0.0%
ABS                  0      0      36       3        0.0%
NULL                 0      0       0       0        0.0%
STACK                0      0       0       2        0.0%
EEDATA             100      0       0       0        0.0%


Microchip Technology PIC Macro Assembler V2.45 build 20230818022343 
Symbol Table                                                                                   Thu Dec 21 16:11:47 2023

                          pc 0002                           l11 05C9                           l61 06F6  
                         l53 05D5                           l37 07D7                           l38 07D7  
                         l74 0622                           l68 05BE                           fsr 0004  
                        l444 06A0                          l454 065C                          l800 06A2  
                        l810 06BA                          l820 065F                          l812 06C2  
                        l900 07D8                          l830 0677                          l822 0665  
                        l814 06EC                          l806 06A3                          l832 0688  
                        l824 0668                          l840 069C                          l816 06F0  
                        l808 06AD                          l834 068E                          l826 066F  
                        l818 065D                          l850 0633                          l762 05B9  
                        l770 05BF                          l836 068F                          l828 0673  
                        l860 0652                          l852 0637                          l844 0623  
                        l764 05CA                          l780 0604                          l772 05FA  
                        l838 0696                          l854 063B                          l846 0629  
                        l862 0658                          l766 05CD                          l782 060F  
                        l774 05FF                          l870 0716                          l856 0645  
                        l848 062C                          l768 05D0                          l784 0614  
                        l792 0616                          l880 0736                          l872 071B  
                        l858 064B                          l794 061F                          l890 0757  
                        l882 0739                          l874 0724                          l866 06F7  
                        l796 0621                          l892 07C5                          l876 072A  
                        l884 0740                          l868 0701                          l894 07C8  
                        l886 0744                          l878 0730                          l896 07CC  
                        l888 074A                          l898 07CE                          u300 0614  
                        u301 0613                          u310 061F                          u311 061E  
                        u400 0688                          u401 0687                          u330 06DE  
                        u420 069C                          u340 06EC                          u324 06B3  
                        u500 072A                          u421 069B                          u405 0684  
                        u341 06EB                          u325 06B1                          u501 0729  
                        u430 0629                          u350 06F6                          u510 0730  
                        u415 0690                          u431 0628                          u351 06F5  
                        u335 06D1                          u511 072F                          u360 0665  
                        u336 06D2                          u280 05FF                          u520 074A  
                        u361 0664                          u337 06D7                          u281 05FE  
                        u521 0749                          u450 063B                          u338 06D8  
                        u290 060F                          u530 0757                          u451 063A  
                        u339 06DD                          u291 060E                          u531 0756  
                        u380 0677                          u460 0645                          u540 07D7  
                        u381 0676                          u461 0644                          u445 062D  
                        u541 07D6                          u375 0669                          u480 0658  
                        u481 0657                          u465 0641                          u490 0709  
                        u395 0678                          u475 064C                          fsr0 0004  
                        indf 0000        ??_read_digital_keypad 0070                  display@data 0078  
                display@wait 0074                         _main 06F7                         btemp 007E  
                       start 0000                        ?_main 0070              __end_of___lwdiv 06A1  
            __end_of___lwmod 065D                 ?_init_config 0070                        _PORTA 0005  
                      _PORTB 0006                        _PORTD 0008                        _TRISA 0085  
                      _TRISB 0086                        _TRISD 0088                 display@digit 0079  
            __end_of_display 06F7                        pclath 000A                 main@sw_count 0043  
                      status 0003                        wtemp0 007E              __initialization 07E2  
               __end_of_main 07E2                       ??_main 0020  __end_of_init_digital_keypad 05BF  
                  ??___lwdiv 0079                    ??___lwmod 0074             __end_of_init_ssd 05D6  
                  ??_display 0070                 __pdataCOMMON 007C      __end_of__initialization 07FC  
             __pcstackCOMMON 0070                 __pidataBANK0 05D6                   __pbssBANK0 0043  
                 __pmaintext 06F7  __end_of_read_digital_keypad 0623                    ?_init_ssd 0070  
                    ___lwdiv 065D                      ___lwmod 0623                      __ptext1 05F9  
                    __ptext2 05BF                      __ptext3 05CA                      __ptext4 05B9  
                    __ptext5 06A1                      __ptext6 0623                      __ptext7 065D  
                    _display 06A1                      main@key 0032                      main@ssd 002E  
       end_of_initialization 07FC                   ??_init_ssd 0070                __pidataCOMMON 05B8  
        start_initialization 07E2                   init_fetch0 05E6                  __pdataBANK0 0033  
              ??_init_config 0070                    ___latbits 0002                __pcstackBANK0 0020  
           ___lwdiv@dividend 0077                     ?___lwdiv 0075                     ?___lwmod 0070  
                   ?_display 0070             ___lwdiv@quotient 0079          __end_of_init_config 05CA  
                  main@digit 0024                    main@count 0047          _init_digital_keypad 05B9  
       ?_init_digital_keypad 0070                  _init_config 05BF              ___lwdiv@divisor 0075  
            ___lwdiv@counter 007B                     _init_ssd 05CA      read_digital_keypad@mode 0071  
    read_digital_keypad@once 007C                     main@F990 0033                     main@F988 003D  
      ??_init_digital_keypad 0070                     main@flag 0041                     main@wait 0045  
                   init_ram0 05EA             ___lwmod@dividend 0072          _read_digital_keypad 05F9  
            ___lwmod@divisor 0070              ___lwmod@counter 0074         ?_read_digital_keypad 0070  
