

Microchip MPLAB XC8 Assembler V2.45 build 20230818022343 
                                                                                               Thu Dec 21 12:28:59 2023

Microchip MPLAB XC8 C Compiler v2.45 (Free license) build 20230818022343 Og1 
     1                           	processor	16F877A
     2                           	pagewidth 120
     3                           	opt	flic
     4                           	psect	idataCOMMON,global,class=CODE,delta=2,noexec
     5                           	psect	cinit,global,class=CODE,merge=1,delta=2
     6                           	psect	dataCOMMON,global,class=COMMON,space=1,delta=1,noexec
     7                           	psect	cstackCOMMON,global,class=COMMON,space=1,delta=1,noexec
     8                           	psect	maintext,global,class=CODE,split=1,delta=2
     9                           	psect	text1,local,class=CODE,merge=1,delta=2
    10                           	psect	text2,local,class=CODE,merge=1,delta=2
    11                           	psect	text3,local,class=CODE,merge=1,delta=2
    12                           	psect	idloc,global,abs,ovrld,class=IDLOC,space=5,delta=2,noexec
    13                           	psect	config,global,abs,ovrld,class=CONFIG,space=4,delta=2,noexec
    14                           	dabs	1,0x7E,2
    15     0000                     
    16                           ; Version 2.20
    17                           ; Generated 12/02/2020 GMT
    18                           ; 
    19                           ; Copyright © 2020, Microchip Technology Inc. and its subsidiaries ("Microchip")
    20                           ; All rights reserved.
    21                           ; 
    22                           ; This software is developed by Microchip Technology Inc. and its subsidiaries ("Microch
      +                          ip").
    23                           ; 
    24                           ; Redistribution and use in source and binary forms, with or without modification, are
    25                           ; permitted provided that the following conditions are met:
    26                           ; 
    27                           ;     1. Redistributions of source code must retain the above copyright notice, this lis
      +                          t of
    28                           ;        conditions and the following disclaimer.
    29                           ; 
    30                           ;     2. Redistributions in binary form must reproduce the above copyright notice, this 
      +                          list
    31                           ;        of conditions and the following disclaimer in the documentation and/or other
    32                           ;        materials provided with the distribution.
    33                           ; 
    34                           ;     3. Microchip's name may not be used to endorse or promote products derived from th
      +                          is
    35                           ;        software without specific prior written permission.
    36                           ; 
    37                           ; THIS SOFTWARE IS PROVIDED BY MICROCHIP "AS IS" AND ANY EXPRESS OR IMPLIED WARRANTIES,
    38                           ; INCLUDING, BUT NOT LIMITED TO, THE IMPLIED WARRANTIES OF MERCHANTABILITY AND FITNESS F
      +                          OR
    39                           ; PURPOSE ARE DISCLAIMED.  IN NO EVENT SHALL MICROCHIP BE LIABLE FOR ANY DIRECT, INDIREC
      +                          T,
    40                           ; INCIDENTAL, SPECIAL, EXEMPLARY, OR CONSEQUENTIAL DAMAGES (INCLUDING BUT NOT LIMITED TO
    41                           ; PROCUREMENT OF SUBSTITUTE GOODS OR SERVICES; LOSS OF USE, DATA OR PROFITS; OR BUSINESS
    42                           ; INTERRUPTION) HOWSOEVER CAUSED AND ON ANY THEORY OF LIABILITY, WHETHER IN CONTRACT, ST
      +                          RICT
    43                           ; LIABILITY, OR TORT (INCLUDING NEGLIGENCE OR OTHERWISE) ARISING IN ANY WAY OUT OF THE U
      +                          SE OF
    44                           ; THIS SOFTWARE, EVEN IF ADVISED OF THE POSSIBILITY OF SUCH DAMAGE.
    45                           ; 
    46                           ; 
    47                           ; Code-generator required, PIC16F877A Definitions
    48                           ; 
    49                           ; SFR Addresses
    50     0000                     	;# 
    51     0001                     	;# 
    52     0002                     	;# 
    53     0003                     	;# 
    54     0004                     	;# 
    55     0005                     	;# 
    56     0006                     	;# 
    57     0007                     	;# 
    58     0008                     	;# 
    59     0009                     	;# 
    60     000A                     	;# 
    61     000B                     	;# 
    62     000C                     	;# 
    63     000D                     	;# 
    64     000E                     	;# 
    65     000E                     	;# 
    66     000F                     	;# 
    67     0010                     	;# 
    68     0011                     	;# 
    69     0012                     	;# 
    70     0013                     	;# 
    71     0014                     	;# 
    72     0015                     	;# 
    73     0015                     	;# 
    74     0016                     	;# 
    75     0017                     	;# 
    76     0018                     	;# 
    77     0019                     	;# 
    78     001A                     	;# 
    79     001B                     	;# 
    80     001B                     	;# 
    81     001C                     	;# 
    82     001D                     	;# 
    83     001E                     	;# 
    84     001F                     	;# 
    85     0081                     	;# 
    86     0085                     	;# 
    87     0086                     	;# 
    88     0087                     	;# 
    89     0088                     	;# 
    90     0089                     	;# 
    91     008C                     	;# 
    92     008D                     	;# 
    93     008E                     	;# 
    94     0091                     	;# 
    95     0092                     	;# 
    96     0093                     	;# 
    97     0094                     	;# 
    98     0098                     	;# 
    99     0099                     	;# 
   100     009C                     	;# 
   101     009D                     	;# 
   102     009E                     	;# 
   103     009F                     	;# 
   104     010C                     	;# 
   105     010D                     	;# 
   106     010E                     	;# 
   107     010F                     	;# 
   108     018C                     	;# 
   109     018D                     	;# 
   110     0000                     	;# 
   111     0001                     	;# 
   112     0002                     	;# 
   113     0003                     	;# 
   114     0004                     	;# 
   115     0005                     	;# 
   116     0006                     	;# 
   117     0007                     	;# 
   118     0008                     	;# 
   119     0009                     	;# 
   120     000A                     	;# 
   121     000B                     	;# 
   122     000C                     	;# 
   123     000D                     	;# 
   124     000E                     	;# 
   125     000E                     	;# 
   126     000F                     	;# 
   127     0010                     	;# 
   128     0011                     	;# 
   129     0012                     	;# 
   130     0013                     	;# 
   131     0014                     	;# 
   132     0015                     	;# 
   133     0015                     	;# 
   134     0016                     	;# 
   135     0017                     	;# 
   136     0018                     	;# 
   137     0019                     	;# 
   138     001A                     	;# 
   139     001B                     	;# 
   140     001B                     	;# 
   141     001C                     	;# 
   142     001D                     	;# 
   143     001E                     	;# 
   144     001F                     	;# 
   145     0081                     	;# 
   146     0085                     	;# 
   147     0086                     	;# 
   148     0087                     	;# 
   149     0088                     	;# 
   150     0089                     	;# 
   151     008C                     	;# 
   152     008D                     	;# 
   153     008E                     	;# 
   154     0091                     	;# 
   155     0092                     	;# 
   156     0093                     	;# 
   157     0094                     	;# 
   158     0098                     	;# 
   159     0099                     	;# 
   160     009C                     	;# 
   161     009D                     	;# 
   162     009E                     	;# 
   163     009F                     	;# 
   164     010C                     	;# 
   165     010D                     	;# 
   166     010E                     	;# 
   167     010F                     	;# 
   168     018C                     	;# 
   169     018D                     	;# 
   170     0000                     	;# 
   171     0001                     	;# 
   172     0002                     	;# 
   173     0003                     	;# 
   174     0004                     	;# 
   175     0005                     	;# 
   176     0006                     	;# 
   177     0007                     	;# 
   178     0008                     	;# 
   179     0009                     	;# 
   180     000A                     	;# 
   181     000B                     	;# 
   182     000C                     	;# 
   183     000D                     	;# 
   184     000E                     	;# 
   185     000E                     	;# 
   186     000F                     	;# 
   187     0010                     	;# 
   188     0011                     	;# 
   189     0012                     	;# 
   190     0013                     	;# 
   191     0014                     	;# 
   192     0015                     	;# 
   193     0015                     	;# 
   194     0016                     	;# 
   195     0017                     	;# 
   196     0018                     	;# 
   197     0019                     	;# 
   198     001A                     	;# 
   199     001B                     	;# 
   200     001B                     	;# 
   201     001C                     	;# 
   202     001D                     	;# 
   203     001E                     	;# 
   204     001F                     	;# 
   205     0081                     	;# 
   206     0085                     	;# 
   207     0086                     	;# 
   208     0087                     	;# 
   209     0088                     	;# 
   210     0089                     	;# 
   211     008C                     	;# 
   212     008D                     	;# 
   213     008E                     	;# 
   214     0091                     	;# 
   215     0092                     	;# 
   216     0093                     	;# 
   217     0094                     	;# 
   218     0098                     	;# 
   219     0099                     	;# 
   220     009C                     	;# 
   221     009D                     	;# 
   222     009E                     	;# 
   223     009F                     	;# 
   224     010C                     	;# 
   225     010D                     	;# 
   226     010E                     	;# 
   227     010F                     	;# 
   228     018C                     	;# 
   229     018D                     	;# 
   230                           
   231                           	psect	idataCOMMON
   232     0639                     __pidataCOMMON:
   233                           
   234                           ;initializer for read_digital_keypad@once
   235     0639  3401               	retlw	1
   236     0006                     _PORTB	set	6
   237     0008                     _PORTD	set	8
   238     0086                     _TRISB	set	134
   239     0088                     _TRISD	set	136
   240                           
   241                           	psect	cinit
   242     07F6                     start_initialization:	
   243                           ; #config settings
   244                           
   245     07F6                     __initialization:
   246                           
   247                           ; Initialize objects allocated to COMMON
   248     07F6  120A  118A  2639  120A  118A  	fcall	__pidataCOMMON	;fetch initializer
   249     07FB  00FD               	movwf	__pdataCOMMON& (0+127)
   250     07FC                     end_of_initialization:	
   251                           ;End of C runtime variable initialization code
   252                           
   253     07FC                     __end_of__initialization:
   254     07FC  0183               	clrf	3
   255     07FD  120A  118A  2E76   	ljmp	_main	;jump to C main() function
   256                           
   257                           	psect	dataCOMMON
   258     007D                     __pdataCOMMON:
   259     007D                     read_digital_keypad@once:
   260     007D                     	ds	1
   261                           
   262                           	psect	cstackCOMMON
   263     0070                     __pcstackCOMMON:
   264     0070                     ?_init_digital_keypad:
   265     0070                     ??_init_digital_keypad:	
   266                           ; 1 bytes @ 0x0
   267                           
   268     0070                     ?_read_digital_keypad:	
   269                           ; 1 bytes @ 0x0
   270                           
   271     0070                     ??_read_digital_keypad:	
   272                           ; 1 bytes @ 0x0
   273                           
   274     0070                     ?_init_config:	
   275                           ; 1 bytes @ 0x0
   276                           
   277     0070                     ??_init_config:	
   278                           ; 1 bytes @ 0x0
   279                           
   280     0070                     ?_main:	
   281                           ; 1 bytes @ 0x0
   282                           
   283                           
   284                           ; 1 bytes @ 0x0
   285     0070                     	ds	1
   286     0071                     read_digital_keypad@mode:
   287                           
   288                           ; 1 bytes @ 0x1
   289     0071                     	ds	1
   290     0072                     ??_main:
   291                           
   292                           ; 1 bytes @ 0x2
   293     0072                     	ds	1
   294     0073                     main@key:
   295                           
   296                           ; 1 bytes @ 0x3
   297     0073                     	ds	1
   298     0074                     main@delay:
   299                           
   300                           ; 2 bytes @ 0x4
   301     0074                     	ds	2
   302     0076                     main@flag:
   303                           
   304                           ; 1 bytes @ 0x6
   305     0076                     	ds	1
   306     0077                     main@count:
   307                           
   308                           ; 2 bytes @ 0x7
   309     0077                     	ds	2
   310     0079                     main@i:
   311                           
   312                           ; 2 bytes @ 0x9
   313     0079                     	ds	2
   314     007B                     main@j:
   315                           
   316                           ; 2 bytes @ 0xB
   317     007B                     	ds	2
   318                           
   319                           	psect	maintext
   320     0676                     __pmaintext:	
   321 ;;
   322 ;;Main: autosize = 0, tempsize = 1, incstack = 0, save=0
   323 ;;
   324 ;; *************** function _main *****************
   325 ;; Defined at:
   326 ;;		line 28 in file "main.c"
   327 ;; Parameters:    Size  Location     Type
   328 ;;		None
   329 ;; Auto vars:     Size  Location     Type
   330 ;;  j               2   11[COMMON] unsigned int 
   331 ;;  i               2    9[COMMON] unsigned int 
   332 ;;  count           2    7[COMMON] unsigned int 
   333 ;;  delay           2    4[COMMON] unsigned int 
   334 ;;  flag            1    6[COMMON] unsigned char 
   335 ;;  key             1    3[COMMON] unsigned char 
   336 ;; Return value:  Size  Location     Type
   337 ;;                  1    wreg      void 
   338 ;; Registers used:
   339 ;;		wreg, status,2, status,0, pclath, cstack
   340 ;; Tracked objects:
   341 ;;		On entry : B00/0
   342 ;;		On exit  : 0/0
   343 ;;		Unchanged: 0/0
   344 ;; Data sizes:     COMMON   BANK0   BANK1   BANK3   BANK2
   345 ;;      Params:         0       0       0       0       0
   346 ;;      Locals:        10       0       0       0       0
   347 ;;      Temps:          1       0       0       0       0
   348 ;;      Totals:        11       0       0       0       0
   349 ;;Total ram usage:       11 bytes
   350 ;; Hardware stack levels required when called: 2
   351 ;; This function calls:
   352 ;;		_init_config
   353 ;;		_read_digital_keypad
   354 ;; This function is called by:
   355 ;;		Startup code after reset
   356 ;; This function uses a non-reentrant model
   357 ;;
   358                           
   359     0676                     _main:	
   360                           ;psect for function _main
   361                           
   362     0676                     l636:	
   363                           ;incstack = 0
   364                           ; Regs used in _main: [wreg+status,2+status,0+pclath+cstack]
   365                           
   366                           
   367                           ;main.c: 30:             {
   368     0676  01F6               	clrf	main@flag
   369     0677  0AF6               	incf	main@flag,f
   370     0678                     l638:
   371                           
   372                           ;main.c: 31:                 count++;
   373     0678  3020               	movlw	32
   374     0679  00F4               	movwf	main@delay
   375     067A  304E               	movlw	78
   376     067B  00F5               	movwf	main@delay+1
   377     067C                     l640:
   378     067C  01F9               	clrf	main@i
   379     067D  01FA               	clrf	main@i+1
   380     067E                     l642:
   381     067E  01FB               	clrf	main@j
   382     067F  01FC               	clrf	main@j+1
   383     0680                     l644:
   384     0680  01F7               	clrf	main@count
   385     0681  01F8               	clrf	main@count+1
   386     0682                     l646:
   387                           
   388                           ;main.c: 33:             }
   389     0682  120A  118A  2640  120A  118A  	fcall	_init_config
   390     0687                     l648:
   391                           
   392                           ;main.c: 36:         };main.c: 39: 
   393     0687  3001               	movlw	1
   394     0688  120A  118A  264C  120A  118A  	fcall	_read_digital_keypad
   395     068D  00F3               	movwf	main@key
   396     068E                     l650:
   397                           
   398                           ;main.c: 43: 
   399     068E  303E               	movlw	62
   400     068F  0673               	xorwf	main@key,w
   401     0690  1D03               	btfss	3,2
   402     0691  2E93               	goto	u51
   403     0692  2E94               	goto	u50
   404     0693                     u51:
   405     0693  2EAF               	goto	l662
   406     0694                     u50:
   407     0694                     l652:
   408                           
   409                           ;main.c: 44:    if (flag);main.c: 45:    {
   410     0694  087B               	movf	main@j,w
   411     0695  047C               	iorwf	main@j+1,w
   412     0696  1903               	btfsc	3,2
   413     0697  2E99               	goto	u61
   414     0698  2E9A               	goto	u60
   415     0699                     u61:
   416     0699  2EA7               	goto	l660
   417     069A                     u60:
   418     069A                     l654:
   419     069A  0877               	movf	main@count,w
   420     069B  0478               	iorwf	main@count+1,w
   421     069C  1D03               	btfss	3,2
   422     069D  2E9F               	goto	u71
   423     069E  2EA0               	goto	u70
   424     069F                     u71:
   425     069F  2EA7               	goto	l660
   426     06A0                     u70:
   427     06A0                     l656:
   428                           
   429                           ;main.c: 46:                 if(count == 1);main.c: 47:                 {
   430     06A0  3001               	movlw	1
   431     06A1  07F7               	addwf	main@count,f
   432     06A2  1803               	skipnc
   433     06A3  0AF8               	incf	main@count+1,f
   434     06A4  3000               	movlw	0
   435     06A5  07F8               	addwf	main@count+1,f
   436     06A6                     l658:
   437                           
   438                           ;main.c: 48:                     i=0;
   439     06A6  01F6               	clrf	main@flag
   440     06A7                     l660:
   441                           
   442                           ;main.c: 51: 
   443     06A7  0876               	movf	main@flag,w
   444     06A8  1903               	btfsc	3,2
   445     06A9  2EAB               	goto	u81
   446     06AA  2EAD               	goto	u80
   447     06AB                     u81:
   448     06AB  3001               	movlw	1
   449     06AC  2EAE               	goto	u90
   450     06AD                     u80:
   451     06AD  3000               	movlw	0
   452     06AE                     u90:
   453     06AE  00F6               	movwf	main@flag
   454     06AF                     l662:
   455                           
   456                           ;main.c: 57:                 else if(i>=8 && i<16)
   457     06AF  3001               	movlw	1
   458     06B0  02F4               	subwf	main@delay,f
   459     06B1  3000               	movlw	0
   460     06B2  1C03               	skipc
   461     06B3  03F5               	decf	main@delay+1,f
   462     06B4  02F5               	subwf	main@delay+1,f
   463     06B5  0A74               	incf	main@delay,w
   464     06B6  1D03               	skipz
   465     06B7  2EBC               	goto	u101
   466     06B8  0A75               	incf	main@delay+1,w
   467     06B9  1D03               	btfss	3,2
   468     06BA  2EBC               	goto	u101
   469     06BB  2EBD               	goto	u100
   470     06BC                     u101:
   471     06BC  2E87               	goto	l648
   472     06BD                     u100:
   473     06BD                     l664:
   474                           
   475                           ;main.c: 58:                 {;main.c: 60:                     PORTD = (unsigned char)(P
      +                          ORTD & ~(1<<(i-8)));
   476     06BD  0876               	movf	main@flag,w
   477     06BE  1903               	btfsc	3,2
   478     06BF  2EC1               	goto	u111
   479     06C0  2EC2               	goto	u110
   480     06C1                     u111:
   481     06C1  2F93               	goto	l724
   482     06C2                     u110:
   483     06C2                     l666:
   484                           
   485                           ;main.c: 61:                     i++;;main.c: 62:                 }
   486     06C2  0377               	decf	main@count,w
   487     06C3  0478               	iorwf	main@count+1,w
   488     06C4  1D03               	btfss	3,2
   489     06C5  2EC7               	goto	u121
   490     06C6  2EC8               	goto	u120
   491     06C7                     u121:
   492     06C7  2ED0               	goto	l672
   493     06C8                     u120:
   494     06C8                     l668:
   495                           
   496                           ;main.c: 63:                 else if(i>=16);main.c: 64:                 {
   497     06C8  01F9               	clrf	main@i
   498     06C9  01FA               	clrf	main@i+1
   499     06CA                     l670:
   500                           
   501                           ;main.c: 65:                     if(count > 0)
   502     06CA  3001               	movlw	1
   503     06CB  07F7               	addwf	main@count,f
   504     06CC  1803               	skipnc
   505     06CD  0AF8               	incf	main@count+1,f
   506     06CE  3000               	movlw	0
   507     06CF  07F8               	addwf	main@count+1,f
   508     06D0                     l672:
   509                           
   510                           ;main.c: 68:                     if(j<=8 && count == 0)
   511     06D0  3000               	movlw	0
   512     06D1  027A               	subwf	main@i+1,w
   513     06D2  3008               	movlw	8
   514     06D3  1903               	skipnz
   515     06D4  0279               	subwf	main@i,w
   516     06D5  1803               	skipnc
   517     06D6  2ED8               	goto	u131
   518     06D7  2ED9               	goto	u130
   519     06D8                     u131:
   520     06D8  2EF2               	goto	l680
   521     06D9                     u130:
   522     06D9                     l674:
   523                           
   524                           ;main.c: 69:                     {;main.c: 70:                         delay =20000;
   525     06D9  3020               	movlw	32
   526     06DA  00F4               	movwf	main@delay
   527     06DB  304E               	movlw	78
   528     06DC  00F5               	movwf	main@delay+1
   529     06DD                     l676:
   530                           
   531                           ;main.c: 71:                         PORTD =(unsigned char) (PORTD | (1<<(8-j)));
   532     06DD  3001               	movlw	1
   533     06DE  00F2               	movwf	??_main
   534     06DF  0A79               	incf	main@i,w
   535     06E0  2EE3               	goto	u144
   536     06E1                     u145:
   537     06E1  1003               	clrc
   538     06E2  0DF2               	rlf	??_main,f
   539     06E3                     u144:
   540     06E3  3EFF               	addlw	-1
   541     06E4  1D03               	skipz
   542     06E5  2EE1               	goto	u145
   543     06E6  0872               	movf	??_main,w
   544     06E7  1283               	bcf	3,5	;RP0=0, select bank0
   545     06E8  1303               	bcf	3,6	;RP1=0, select bank0
   546     06E9  0408               	iorwf	8,w	;volatile
   547     06EA  0088               	movwf	8	;volatile
   548     06EB                     l678:
   549     06EB  3001               	movlw	1
   550     06EC  07F9               	addwf	main@i,f
   551     06ED  1803               	skipnc
   552     06EE  0AFA               	incf	main@i+1,f
   553     06EF  3000               	movlw	0
   554     06F0  07FA               	addwf	main@i+1,f
   555                           
   556                           ;main.c: 72:                         j++;
   557     06F1  2F93               	goto	l724
   558     06F2                     l680:
   559     06F2  3000               	movlw	0
   560     06F3  027A               	subwf	main@i+1,w
   561     06F4  3008               	movlw	8
   562     06F5  1903               	skipnz
   563     06F6  0279               	subwf	main@i,w
   564     06F7  1C03               	skipc
   565     06F8  2EFA               	goto	u151
   566     06F9  2EFB               	goto	u150
   567     06FA                     u151:
   568     06FA  2F1A               	goto	l690
   569     06FB                     u150:
   570     06FB                     l682:
   571     06FB  3000               	movlw	0
   572     06FC  027A               	subwf	main@i+1,w
   573     06FD  3010               	movlw	16
   574     06FE  1903               	skipnz
   575     06FF  0279               	subwf	main@i,w
   576     0700  1803               	skipnc
   577     0701  2F03               	goto	u161
   578     0702  2F04               	goto	u160
   579     0703                     u161:
   580     0703  2F1A               	goto	l690
   581     0704                     u160:
   582     0704                     l684:
   583                           
   584                           ;main.c: 74:                     else if(j>8 && j<=16 && count == 0);main.c: 75:        
      +                                       {
   585     0704  3020               	movlw	32
   586     0705  00F4               	movwf	main@delay
   587     0706  304E               	movlw	78
   588     0707  00F5               	movwf	main@delay+1
   589     0708                     l686:
   590                           
   591                           ;main.c: 76:                         delay = 20000;
   592     0708  3001               	movlw	1
   593     0709  00F2               	movwf	??_main
   594     070A  0879               	movf	main@i,w
   595     070B  3EF8               	addlw	248
   596     070C  3E01               	addlw	1
   597     070D  2F10               	goto	u174
   598     070E                     u175:
   599     070E  1003               	clrc
   600     070F  0DF2               	rlf	??_main,f
   601     0710                     u174:
   602     0710  3EFF               	addlw	-1
   603     0711  1D03               	skipz
   604     0712  2F0E               	goto	u175
   605     0713  0872               	movf	??_main,w
   606     0714  3AFF               	xorlw	255
   607     0715  1283               	bcf	3,5	;RP0=0, select bank0
   608     0716  1303               	bcf	3,6	;RP1=0, select bank0
   609     0717  0508               	andwf	8,w	;volatile
   610     0718  0088               	movwf	8	;volatile
   611     0719  2EEB               	goto	l678
   612     071A                     l690:
   613     071A  3000               	movlw	0
   614     071B  027A               	subwf	main@i+1,w
   615     071C  3010               	movlw	16
   616     071D  1903               	skipnz
   617     071E  0279               	subwf	main@i,w
   618     071F  1C03               	skipc
   619     0720  2F22               	goto	u181
   620     0721  2F23               	goto	u180
   621     0722                     u181:
   622     0722  2F93               	goto	l724
   623     0723                     u180:
   624     0723                     l692:
   625                           
   626                           ;main.c: 80:                     else if(j==17);main.c: 81:                     {
   627     0723  0877               	movf	main@count,w
   628     0724  0478               	iorwf	main@count+1,w
   629     0725  1903               	btfsc	3,2
   630     0726  2F28               	goto	u191
   631     0727  2F29               	goto	u190
   632     0728                     u191:
   633     0728  2F2B               	goto	l696
   634     0729                     u190:
   635     0729                     l694:
   636                           
   637                           ;main.c: 82:                         i=0;
   638     0729  01F9               	clrf	main@i
   639     072A  01FA               	clrf	main@i+1
   640     072B                     l696:
   641                           
   642                           ;main.c: 83:                         j=0;
   643     072B  30D0               	movlw	208
   644     072C  00F4               	movwf	main@delay
   645     072D  3007               	movlw	7
   646     072E  00F5               	movwf	main@delay+1
   647     072F                     l698:
   648                           
   649                           ;main.c: 84:                     }
   650     072F  3000               	movlw	0
   651     0730  027C               	subwf	main@j+1,w
   652     0731  3009               	movlw	9
   653     0732  1903               	skipnz
   654     0733  027B               	subwf	main@j,w
   655     0734  1803               	skipnc
   656     0735  2F37               	goto	u201
   657     0736  2F38               	goto	u200
   658     0737                     u201:
   659     0737  2F59               	goto	l708
   660     0738                     u200:
   661     0738                     l700:
   662     0738  0877               	movf	main@count,w
   663     0739  0478               	iorwf	main@count+1,w
   664     073A  1D03               	btfss	3,2
   665     073B  2F3D               	goto	u211
   666     073C  2F3E               	goto	u210
   667     073D                     u211:
   668     073D  2F59               	goto	l708
   669     073E                     u210:
   670     073E                     l702:
   671                           
   672                           ;main.c: 85:                 };main.c: 86:    }
   673     073E  3020               	movlw	32
   674     073F  00F4               	movwf	main@delay
   675     0740  304E               	movlw	78
   676     0741  00F5               	movwf	main@delay+1
   677     0742                     l704:
   678                           
   679                           ;main.c: 87:    if (flag == 0)
   680     0742  3001               	movlw	1
   681     0743  00F2               	movwf	??_main
   682     0744  087B               	movf	main@j,w
   683     0745  3C08               	sublw	8
   684     0746  3E01               	addlw	1
   685     0747  2F4A               	goto	u224
   686     0748                     u225:
   687     0748  1003               	clrc
   688     0749  0DF2               	rlf	??_main,f
   689     074A                     u224:
   690     074A  3EFF               	addlw	-1
   691     074B  1D03               	skipz
   692     074C  2F48               	goto	u225
   693     074D  0872               	movf	??_main,w
   694     074E  1283               	bcf	3,5	;RP0=0, select bank0
   695     074F  1303               	bcf	3,6	;RP1=0, select bank0
   696     0750  0408               	iorwf	8,w	;volatile
   697     0751  0088               	movwf	8	;volatile
   698     0752                     l706:
   699                           
   700                           ;main.c: 88:    {
   701     0752  3001               	movlw	1
   702     0753  07FB               	addwf	main@j,f
   703     0754  1803               	skipnc
   704     0755  0AFC               	incf	main@j+1,f
   705     0756  3000               	movlw	0
   706     0757  07FC               	addwf	main@j+1,f
   707                           
   708                           ;main.c: 89: 
   709     0758  2F93               	goto	l724
   710     0759                     l708:
   711     0759  3000               	movlw	0
   712     075A  027C               	subwf	main@j+1,w
   713     075B  3009               	movlw	9
   714     075C  1903               	skipnz
   715     075D  027B               	subwf	main@j,w
   716     075E  1C03               	skipc
   717     075F  2F61               	goto	u231
   718     0760  2F62               	goto	u230
   719     0761                     u231:
   720     0761  2F87               	goto	l720
   721     0762                     u230:
   722     0762                     l710:
   723     0762  3000               	movlw	0
   724     0763  027C               	subwf	main@j+1,w
   725     0764  3011               	movlw	17
   726     0765  1903               	skipnz
   727     0766  027B               	subwf	main@j,w
   728     0767  1803               	skipnc
   729     0768  2F6A               	goto	u241
   730     0769  2F6B               	goto	u240
   731     076A                     u241:
   732     076A  2F87               	goto	l720
   733     076B                     u240:
   734     076B                     l712:
   735     076B  0877               	movf	main@count,w
   736     076C  0478               	iorwf	main@count+1,w
   737     076D  1D03               	btfss	3,2
   738     076E  2F70               	goto	u251
   739     076F  2F71               	goto	u250
   740     0770                     u251:
   741     0770  2F87               	goto	l720
   742     0771                     u250:
   743     0771                     l714:
   744                           
   745                           ;main.c: 91:                 {;main.c: 92:                     delay = 20000;
   746     0771  3020               	movlw	32
   747     0772  00F4               	movwf	main@delay
   748     0773  304E               	movlw	78
   749     0774  00F5               	movwf	main@delay+1
   750     0775                     l716:
   751                           
   752                           ;main.c: 93:                     PORTD = (unsigned char)(PORTD | (1<<(8-j)));
   753     0775  3001               	movlw	1
   754     0776  00F2               	movwf	??_main
   755     0777  087B               	movf	main@j,w
   756     0778  3C10               	sublw	16
   757     0779  3E01               	addlw	1
   758     077A  2F7D               	goto	u264
   759     077B                     u265:
   760     077B  1003               	clrc
   761     077C  0DF2               	rlf	??_main,f
   762     077D                     u264:
   763     077D  3EFF               	addlw	-1
   764     077E  1D03               	skipz
   765     077F  2F7B               	goto	u265
   766     0780  0872               	movf	??_main,w
   767     0781  3AFF               	xorlw	255
   768     0782  1283               	bcf	3,5	;RP0=0, select bank0
   769     0783  1303               	bcf	3,6	;RP1=0, select bank0
   770     0784  0508               	andwf	8,w	;volatile
   771     0785  0088               	movwf	8	;volatile
   772     0786  2F52               	goto	l706
   773     0787                     l720:
   774     0787  3011               	movlw	17
   775     0788  067B               	xorwf	main@j,w
   776     0789  047C               	iorwf	main@j+1,w
   777     078A  1D03               	btfss	3,2
   778     078B  2F8D               	goto	u271
   779     078C  2F8E               	goto	u270
   780     078D                     u271:
   781     078D  2F93               	goto	l26
   782     078E                     u270:
   783     078E                     l722:
   784                           
   785                           ;main.c: 97:                 {;main.c: 98:                     delay = 20000;
   786     078E  01F9               	clrf	main@i
   787     078F  01FA               	clrf	main@i+1
   788                           
   789                           ;main.c: 99:                     PORTD = (unsigned char)(PORTD & ~(1<<(16-j)));
   790     0790  01FB               	clrf	main@j
   791     0791  01FC               	clrf	main@j+1
   792     0792  2F93               	goto	l724
   793     0793                     l26:	
   794                           ;main.c: 101:                 }
   795                           
   796     0793                     l724:
   797                           
   798                           ;main.c: 103:                 {
   799     0793  0876               	movf	main@flag,w
   800     0794  1D03               	btfss	3,2
   801     0795  2F97               	goto	u281
   802     0796  2F98               	goto	u280
   803     0797                     u281:
   804     0797  2E87               	goto	l648
   805     0798                     u280:
   806     0798                     l726:
   807                           
   808                           ;main.c: 104:                     delay = 20000;;main.c: 106:                 }
   809     0798  3000               	movlw	0
   810     0799  027C               	subwf	main@j+1,w
   811     079A  3009               	movlw	9
   812     079B  1903               	skipnz
   813     079C  027B               	subwf	main@j,w
   814     079D  1803               	skipnc
   815     079E  2FA0               	goto	u291
   816     079F  2FA1               	goto	u290
   817     07A0                     u291:
   818     07A0  2FBC               	goto	l734
   819     07A1                     u290:
   820     07A1                     l728:
   821                           
   822                           ;main.c: 107:    };main.c: 108: 
   823     07A1  3020               	movlw	32
   824     07A2  00F4               	movwf	main@delay
   825     07A3  304E               	movlw	78
   826     07A4  00F5               	movwf	main@delay+1
   827     07A5                     l730:
   828                           
   829                           ;main.c: 109:   }
   830     07A5  3001               	movlw	1
   831     07A6  00F2               	movwf	??_main
   832     07A7  087B               	movf	main@j,w
   833     07A8  3C08               	sublw	8
   834     07A9  3E01               	addlw	1
   835     07AA  2FAD               	goto	u304
   836     07AB                     u305:
   837     07AB  1003               	clrc
   838     07AC  0DF2               	rlf	??_main,f
   839     07AD                     u304:
   840     07AD  3EFF               	addlw	-1
   841     07AE  1D03               	skipz
   842     07AF  2FAB               	goto	u305
   843     07B0  0872               	movf	??_main,w
   844     07B1  1283               	bcf	3,5	;RP0=0, select bank0
   845     07B2  1303               	bcf	3,6	;RP1=0, select bank0
   846     07B3  0408               	iorwf	8,w	;volatile
   847     07B4  0088               	movwf	8	;volatile
   848     07B5                     l732:
   849                           
   850                           ;main.c: 110: 
   851     07B5  3001               	movlw	1
   852     07B6  07FB               	addwf	main@j,f
   853     07B7  1803               	skipnc
   854     07B8  0AFC               	incf	main@j+1,f
   855     07B9  3000               	movlw	0
   856     07BA  07FC               	addwf	main@j+1,f
   857                           
   858                           ;main.c: 111:      }
   859     07BB  2E87               	goto	l648
   860     07BC                     l734:
   861     07BC  3000               	movlw	0
   862     07BD  027C               	subwf	main@j+1,w
   863     07BE  3008               	movlw	8
   864     07BF  1903               	skipnz
   865     07C0  027B               	subwf	main@j,w
   866     07C1  1C03               	skipc
   867     07C2  2FC4               	goto	u311
   868     07C3  2FC5               	goto	u310
   869     07C4                     u311:
   870     07C4  2FE4               	goto	l744
   871     07C5                     u310:
   872     07C5                     l736:
   873     07C5  3000               	movlw	0
   874     07C6  027C               	subwf	main@j+1,w
   875     07C7  3011               	movlw	17
   876     07C8  1903               	skipnz
   877     07C9  027B               	subwf	main@j,w
   878     07CA  1803               	skipnc
   879     07CB  2FCD               	goto	u321
   880     07CC  2FCE               	goto	u320
   881     07CD                     u321:
   882     07CD  2FE4               	goto	l744
   883     07CE                     u320:
   884     07CE                     l738:
   885                           
   886                           ;main.c: 113: }
   887     07CE  3020               	movlw	32
   888     07CF  00F4               	movwf	main@delay
   889     07D0  304E               	movlw	78
   890     07D1  00F5               	movwf	main@delay+1
   891     07D2                     l740:
   892     07D2  3001               	movlw	1
   893     07D3  00F2               	movwf	??_main
   894     07D4  087B               	movf	main@j,w
   895     07D5  3C10               	sublw	16
   896     07D6  3E01               	addlw	1
   897     07D7  2FDA               	goto	u334
   898     07D8                     u335:
   899     07D8  1003               	clrc
   900     07D9  0DF2               	rlf	??_main,f
   901     07DA                     u334:
   902     07DA  3EFF               	addlw	-1
   903     07DB  1D03               	skipz
   904     07DC  2FD8               	goto	u335
   905     07DD  0872               	movf	??_main,w
   906     07DE  3AFF               	xorlw	255
   907     07DF  1283               	bcf	3,5	;RP0=0, select bank0
   908     07E0  1303               	bcf	3,6	;RP1=0, select bank0
   909     07E1  0508               	andwf	8,w	;volatile
   910     07E2  0088               	movwf	8	;volatile
   911     07E3  2FB5               	goto	l732
   912     07E4                     l744:
   913     07E4  3011               	movlw	17
   914     07E5  067B               	xorwf	main@j,w
   915     07E6  047C               	iorwf	main@j+1,w
   916     07E7  1D03               	btfss	3,2
   917     07E8  2FEA               	goto	u341
   918     07E9  2FEB               	goto	u340
   919     07EA                     u341:
   920     07EA  2FF2               	goto	l33
   921     07EB                     u340:
   922     07EB                     l746:
   923     07EB  3020               	movlw	32
   924     07EC  00F4               	movwf	main@delay
   925     07ED  304E               	movlw	78
   926     07EE  00F5               	movwf	main@delay+1
   927     07EF                     l748:
   928     07EF  01FB               	clrf	main@j
   929     07F0  01FC               	clrf	main@j+1
   930     07F1  2E87               	goto	l648
   931     07F2                     l33:
   932     07F2  2E87               	goto	l648
   933     07F3  120A  118A  2800   	ljmp	start
   934     07F6                     __end_of_main:
   935                           
   936                           	psect	text1
   937     064C                     __ptext1:	
   938 ;; *************** function _read_digital_keypad *****************
   939 ;; Defined at:
   940 ;;		line 10 in file "digital_keypad.c"
   941 ;; Parameters:    Size  Location     Type
   942 ;;  mode            1    wreg     unsigned char 
   943 ;; Auto vars:     Size  Location     Type
   944 ;;  mode            1    1[COMMON] unsigned char 
   945 ;; Return value:  Size  Location     Type
   946 ;;                  1    wreg      unsigned char 
   947 ;; Registers used:
   948 ;;		wreg, status,2, status,0
   949 ;; Tracked objects:
   950 ;;		On entry : 0/0
   951 ;;		On exit  : 0/0
   952 ;;		Unchanged: 0/0
   953 ;; Data sizes:     COMMON   BANK0   BANK1   BANK3   BANK2
   954 ;;      Params:         0       0       0       0       0
   955 ;;      Locals:         1       0       0       0       0
   956 ;;      Temps:          1       0       0       0       0
   957 ;;      Totals:         2       0       0       0       0
   958 ;;Total ram usage:        2 bytes
   959 ;; Hardware stack levels used: 1
   960 ;; This function calls:
   961 ;;		Nothing
   962 ;; This function is called by:
   963 ;;		_main
   964 ;; This function uses a non-reentrant model
   965 ;;
   966                           
   967     064C                     _read_digital_keypad:	
   968                           ;psect for function _read_digital_keypad
   969                           
   970                           
   971                           ;incstack = 0
   972                           ; Regs used in _read_digital_keypad: [wreg+status,2+status,0]
   973                           ;read_digital_keypad@mode stored from wreg
   974     064C  00F1               	movwf	read_digital_keypad@mode
   975     064D                     l608:
   976                           
   977                           ;digital_keypad.c: 10: unsigned char read_digital_keypad(unsigned char mode);digital_key
      +                          pad.c: 11: {;digital_keypad.c: 12:     static unsigned char once = 1;;digital_keypad.c: 
      +                          14:     if (mode == 0)
   978     064D  0871               	movf	read_digital_keypad@mode,w
   979     064E  1D03               	btfss	3,2
   980     064F  2E51               	goto	u11
   981     0650  2E52               	goto	u10
   982     0651                     u11:
   983     0651  2E57               	goto	l616
   984     0652                     u10:
   985     0652                     l610:
   986                           
   987                           ;digital_keypad.c: 15:     {;digital_keypad.c: 16:         return PORTB & 0x3F;
   988     0652  1283               	bcf	3,5	;RP0=0, select bank0
   989     0653  1303               	bcf	3,6	;RP1=0, select bank0
   990     0654  0806               	movf	6,w	;volatile
   991     0655  393F               	andlw	63
   992     0656  2E75               	goto	l54
   993     0657                     l616:
   994                           
   995                           ;digital_keypad.c: 19:     {;digital_keypad.c: 20:         if (((PORTB & 0x3F) != 0x3F) 
      +                          && once)
   996     0657  303F               	movlw	63
   997     0658  1283               	bcf	3,5	;RP0=0, select bank0
   998     0659  1303               	bcf	3,6	;RP1=0, select bank0
   999     065A  0506               	andwf	6,w	;volatile
  1000     065B  00F0               	movwf	??_read_digital_keypad
  1001     065C  303F               	movlw	63
  1002     065D  0670               	xorwf	??_read_digital_keypad,w
  1003     065E  1903               	btfsc	3,2
  1004     065F  2E61               	goto	u21
  1005     0660  2E62               	goto	u20
  1006     0661                     u21:
  1007     0661  2E69               	goto	l628
  1008     0662                     u20:
  1009     0662                     l618:
  1010     0662  087D               	movf	read_digital_keypad@once,w
  1011     0663  1903               	btfsc	3,2
  1012     0664  2E66               	goto	u31
  1013     0665  2E67               	goto	u30
  1014     0666                     u31:
  1015     0666  2E69               	goto	l628
  1016     0667                     u30:
  1017     0667                     l620:
  1018                           
  1019                           ;digital_keypad.c: 21:         {;digital_keypad.c: 22:             once = 0;
  1020     0667  01FD               	clrf	read_digital_keypad@once
  1021     0668  2E52               	goto	l610
  1022     0669                     l628:
  1023     0669  303F               	movlw	63
  1024     066A  0506               	andwf	6,w	;volatile
  1025     066B  00F0               	movwf	??_read_digital_keypad
  1026     066C  303F               	movlw	63
  1027     066D  0670               	xorwf	??_read_digital_keypad,w
  1028     066E  1D03               	btfss	3,2
  1029     066F  2E71               	goto	u41
  1030     0670  2E72               	goto	u40
  1031     0671                     u41:
  1032     0671  2E74               	goto	l632
  1033     0672                     u40:
  1034     0672                     l630:
  1035                           
  1036                           ;digital_keypad.c: 27:         {;digital_keypad.c: 28:             once = 1;
  1037     0672  01FD               	clrf	read_digital_keypad@once
  1038     0673  0AFD               	incf	read_digital_keypad@once,f
  1039     0674                     l632:
  1040                           
  1041                           ;digital_keypad.c: 32:     return 0x3F;
  1042     0674  303F               	movlw	63
  1043     0675                     l54:
  1044     0675  0008               	return
  1045     0676                     __end_of_read_digital_keypad:
  1046                           
  1047                           	psect	text2
  1048     0640                     __ptext2:	
  1049 ;; *************** function _init_config *****************
  1050 ;; Defined at:
  1051 ;;		line 16 in file "main.c"
  1052 ;; Parameters:    Size  Location     Type
  1053 ;;		None
  1054 ;; Auto vars:     Size  Location     Type
  1055 ;;		None
  1056 ;; Return value:  Size  Location     Type
  1057 ;;                  1    wreg      void 
  1058 ;; Registers used:
  1059 ;;		wreg, status,2, status,0, pclath, cstack
  1060 ;; Tracked objects:
  1061 ;;		On entry : 0/0
  1062 ;;		On exit  : 0/0
  1063 ;;		Unchanged: 0/0
  1064 ;; Data sizes:     COMMON   BANK0   BANK1   BANK3   BANK2
  1065 ;;      Params:         0       0       0       0       0
  1066 ;;      Locals:         0       0       0       0       0
  1067 ;;      Temps:          0       0       0       0       0
  1068 ;;      Totals:         0       0       0       0       0
  1069 ;;Total ram usage:        0 bytes
  1070 ;; Hardware stack levels used: 1
  1071 ;; Hardware stack levels required when called: 1
  1072 ;; This function calls:
  1073 ;;		_init_digital_keypad
  1074 ;; This function is called by:
  1075 ;;		_main
  1076 ;; This function uses a non-reentrant model
  1077 ;;
  1078                           
  1079     0640                     _init_config:	
  1080                           ;psect for function _init_config
  1081                           
  1082     0640                     l604:	
  1083                           ;incstack = 0
  1084                           ; Regs used in _init_config: [wreg+status,2+status,0+pclath+cstack]
  1085                           
  1086                           
  1087                           ;main.c: 19:     while(1)
  1088     0640  1283               	bcf	3,5	;RP0=0, select bank0
  1089     0641  1303               	bcf	3,6	;RP1=0, select bank0
  1090     0642  0188               	clrf	8	;volatile
  1091                           
  1092                           ;main.c: 22: 
  1093     0643  1683               	bsf	3,5	;RP0=1, select bank1
  1094     0644  1303               	bcf	3,6	;RP1=0, select bank1
  1095     0645  0188               	clrf	8	;volatile
  1096     0646                     l606:
  1097                           
  1098                           ;main.c: 25: 
  1099     0646  120A  118A  263A  120A  118A  	fcall	_init_digital_keypad
  1100     064B                     l11:
  1101     064B  0008               	return
  1102     064C                     __end_of_init_config:
  1103                           
  1104                           	psect	text3
  1105     063A                     __ptext3:	
  1106 ;; *************** function _init_digital_keypad *****************
  1107 ;; Defined at:
  1108 ;;		line 4 in file "digital_keypad.c"
  1109 ;; Parameters:    Size  Location     Type
  1110 ;;		None
  1111 ;; Auto vars:     Size  Location     Type
  1112 ;;		None
  1113 ;; Return value:  Size  Location     Type
  1114 ;;                  1    wreg      void 
  1115 ;; Registers used:
  1116 ;;		wreg, status,2
  1117 ;; Tracked objects:
  1118 ;;		On entry : 0/0
  1119 ;;		On exit  : 0/0
  1120 ;;		Unchanged: 0/0
  1121 ;; Data sizes:     COMMON   BANK0   BANK1   BANK3   BANK2
  1122 ;;      Params:         0       0       0       0       0
  1123 ;;      Locals:         0       0       0       0       0
  1124 ;;      Temps:          0       0       0       0       0
  1125 ;;      Totals:         0       0       0       0       0
  1126 ;;Total ram usage:        0 bytes
  1127 ;; Hardware stack levels used: 1
  1128 ;; This function calls:
  1129 ;;		Nothing
  1130 ;; This function is called by:
  1131 ;;		_init_config
  1132 ;; This function uses a non-reentrant model
  1133 ;;
  1134                           
  1135     063A                     _init_digital_keypad:	
  1136                           ;psect for function _init_digital_keypad
  1137                           
  1138     063A                     l602:	
  1139                           ;incstack = 0
  1140                           ; Regs used in _init_digital_keypad: [wreg+status,2]
  1141                           
  1142                           
  1143                           ;digital_keypad.c: 7:     TRISB = TRISB | 0x3F;
  1144     063A  1683               	bsf	3,5	;RP0=1, select bank1
  1145     063B  1303               	bcf	3,6	;RP1=0, select bank1
  1146     063C  0806               	movf	6,w	;volatile
  1147     063D  383F               	iorlw	63
  1148     063E  0086               	movwf	6	;volatile
  1149     063F                     l48:
  1150     063F  0008               	return
  1151     0640                     __end_of_init_digital_keypad:
  1152     007E                     btemp	set	126	;btemp
  1153     007E                     wtemp0	set	126
  1154                           
  1155                           	psect	idloc
  1156                           
  1157                           ;Config register IDLOC0 @ 0x2000
  1158                           ;	unspecified, using default values
  1159     2000                     	org	8192
  1160     2000  3FFF               	dw	16383
  1161                           
  1162                           ;Config register IDLOC1 @ 0x2001
  1163                           ;	unspecified, using default values
  1164     2001                     	org	8193
  1165     2001  3FFF               	dw	16383
  1166                           
  1167                           ;Config register IDLOC2 @ 0x2002
  1168                           ;	unspecified, using default values
  1169     2002                     	org	8194
  1170     2002  3FFF               	dw	16383
  1171                           
  1172                           ;Config register IDLOC3 @ 0x2003
  1173                           ;	unspecified, using default values
  1174     2003                     	org	8195
  1175     2003  3FFF               	dw	16383
  1176                           
  1177                           	psect	config
  1178                           
  1179                           ;Config register CONFIG @ 0x2007
  1180                           ;	Oscillator Selection bits
  1181                           ;	FOSC = 0x3, unprogrammed default
  1182                           ;	Watchdog Timer Enable bit
  1183                           ;	WDTE = OFF, WDT disabled
  1184                           ;	Power-up Timer Enable bit
  1185                           ;	PWRTE = 0x1, unprogrammed default
  1186                           ;	Brown-out Reset Enable bit
  1187                           ;	BOREN = 0x1, unprogrammed default
  1188                           ;	Low-Voltage (Single-Supply) In-Circuit Serial Programming Enable bit
  1189                           ;	LVP = 0x1, unprogrammed default
  1190                           ;	Data EEPROM Memory Code Protection bit
  1191                           ;	CPD = 0x1, unprogrammed default
  1192                           ;	Flash Program Memory Write Enable bits
  1193                           ;	WRT = 0x3, unprogrammed default
  1194                           ;	In-Circuit Debugger Mode bit
  1195                           ;	DEBUG = 0x1, unprogrammed default
  1196                           ;	Flash Program Memory Code Protection bit
  1197                           ;	CP = 0x1, unprogrammed default
  1198     2007                     	org	8199
  1199     2007  3FFB               	dw	16379

Data Sizes:
    Strings     0
    Constant    0
    Data        1
    BSS         0
    Persistent  0
    Stack       0

Auto Spaces:
    Space          Size  Autos    Used
    COMMON           14     13      14
    BANK0            80      0       0
    BANK1            80      0       0
    BANK3            96      0       0
    BANK2            96      0       0

Pointer List with Targets:

    None.

Critical Paths under _main in COMMON

    _main->_read_digital_keypad

Critical Paths under _main in BANK0

    None.

Critical Paths under _main in BANK1

    None.

Critical Paths under _main in BANK3

    None.

Critical Paths under _main in BANK2

    None.

Call Graph Tables:

 ---------------------------------------------------------------------------------
 (Depth) Function   	        Calls       Base Space   Used Autos Params    Refs
 ---------------------------------------------------------------------------------
 (0) _main                                                11    11      0     450
                                              2 COMMON    11    11      0
                        _init_config
                _read_digital_keypad
 ---------------------------------------------------------------------------------
 (1) _read_digital_keypad                                  2     2      0      15
                                              0 COMMON     2     2      0
 ---------------------------------------------------------------------------------
 (1) _init_config                                          0     0      0       0
                _init_digital_keypad
 ---------------------------------------------------------------------------------
 (2) _init_digital_keypad                                  0     0      0       0
 ---------------------------------------------------------------------------------
 Estimated maximum stack depth 2
 ---------------------------------------------------------------------------------

 Call Graph Graphs:

 _main (ROOT)
   _init_config
     _init_digital_keypad
   _read_digital_keypad

 Address spaces:
Name               Size   Autos  Total    Cost      Usage
BANK3               60      0       0       9        0.0%
BITBANK3            60      0       0       8        0.0%
SFR3                 0      0       0       4        0.0%
BITSFR3              0      0       0       4        0.0%
BANK2               60      0       0      11        0.0%
BITBANK2            60      0       0      10        0.0%
SFR2                 0      0       0       5        0.0%
BITSFR2              0      0       0       5        0.0%
BANK1               50      0       0       7        0.0%
BITBANK1            50      0       0       6        0.0%
SFR1                 0      0       0       2        0.0%
BITSFR1              0      0       0       2        0.0%
BANK0               50      0       0       5        0.0%
BITBANK0            50      0       0       4        0.0%
SFR0                 0      0       0       1        0.0%
BITSFR0              0      0       0       1        0.0%
COMMON               E      D       E       1      100.0%
BITCOMMON            E      0       0       0        0.0%
CODE                 0      0       0       0        0.0%
DATA                 0      0       E      12        0.0%
ABS                  0      0       E       3        0.0%
NULL                 0      0       0       0        0.0%
STACK                0      0       0       2        0.0%
EEDATA             100      0       0       0        0.0%


Microchip Technology PIC Macro Assembler V2.45 build 20230818022343 
Symbol Table                                                                                   Thu Dec 21 12:28:59 2023

                         l11 064B                           l33 07F2                           l26 0793  
                         l54 0675                           l48 063F                           u10 0652  
                         u11 0651                           u20 0662                           u21 0661  
                         u30 0667                           u31 0666                           u40 0672  
                         u41 0671                           u50 0694                           u51 0693  
                         u60 069A                           u61 0699                           u70 06A0  
                         u71 069F                           u80 06AD                           u81 06AB  
                         u90 06AE                          l602 063A                          l610 0652  
                        l604 0640                          l620 0667                          l700 0738  
                        l606 0646                          l630 0672                          l710 0762  
                        l702 073E                          l632 0674                          l616 0657  
                        l608 064D                          l712 076B                          l720 0787  
                        l704 0742                          l640 067C                          l618 0662  
                        l730 07A5                          l722 078E                          l714 0771  
                        l706 0752                          l650 068E                          l642 067E  
                        l628 0669                          l740 07D2                          l732 07B5  
                        l716 0775                          l708 0759                          l724 0793  
                        l660 06A7                          l652 0694                          l644 0680  
                        l636 0676                          l734 07BC                          l726 0798  
                        l670 06CA                          l654 069A                          l662 06AF  
                        l646 0682                          l638 0678                          l736 07C5  
                        l744 07E4                          l728 07A1                          l680 06F2  
                        l672 06D0                          l664 06BD                          l656 06A0  
                        l648 0687                          l746 07EB                          l738 07CE  
                        l682 06FB                          l690 071A                          l674 06D9  
                        l666 06C2                          l658 06A6                          l748 07EF  
                        l692 0723                          l684 0704                          l676 06DD  
                        l668 06C8                          l694 0729                          l686 0708  
                        l678 06EB                          l696 072B                          l698 072F  
                        u100 06BD                          u101 06BC                          u110 06C2  
                        u111 06C1                          u200 0738                          u120 06C8  
                        u201 0737                          u121 06C7                          u210 073E  
                        u130 06D9                          u211 073D                          u131 06D8  
                        u310 07C5                          u230 0762                          u150 06FB  
                        u311 07C4                          u231 0761                          u151 06FA  
                        u320 07CE                          u304 07AD                          u240 076B  
                        u224 074A                          u160 0704                          u144 06E3  
                        u321 07CD                          u305 07AB                          u241 076A  
                        u225 0748                          u161 0703                          u145 06E1  
                        u250 0771                          u251 0770                          u340 07EB  
                        u180 0723                          u341 07EA                          u181 0722  
                        u334 07DA                          u270 078E                          u190 0729  
                        u174 0710                          u335 07D8                          u271 078D  
                        u191 0728                          u175 070E                          u280 0798  
                        u264 077D                          u281 0797                          u265 077B  
                        u290 07A1                          u291 07A0        ??_read_digital_keypad 0070  
                       _main 0676                         btemp 007E                         start 0000  
                      ?_main 0070                 ?_init_config 0070                        _PORTB 0006  
                      _PORTD 0008                        _TRISB 0086                        _TRISD 0088  
                      main@i 0079                        main@j 007B                        status 0003  
                      wtemp0 007E              __initialization 07F6                 __end_of_main 07F6  
                     ??_main 0072  __end_of_init_digital_keypad 0640                 __pdataCOMMON 007D  
    __end_of__initialization 07FC               __pcstackCOMMON 0070                   __pmaintext 0676  
__end_of_read_digital_keypad 0676                      __ptext1 064C                      __ptext2 0640  
                    __ptext3 063A                      main@key 0073         end_of_initialization 07FC  
              __pidataCOMMON 0639          start_initialization 07F6                ??_init_config 0070  
                  ___latbits 0002          __end_of_init_config 064C                    main@delay 0074  
                  main@count 0077          _init_digital_keypad 063A         ?_init_digital_keypad 0070  
                _init_config 0640      read_digital_keypad@mode 0071      read_digital_keypad@once 007D  
      ??_init_digital_keypad 0070                     main@flag 0076          _read_digital_keypad 064C  
       ?_read_digital_keypad 0070  
